CRITICAL - 2023-10-05 06:00:21 --> Invalid argument supplied for foreach()
#0 E:\xampp\htdocs\koperasi\app\Views\pinjaman.php(113): CodeIgniter\Debug\Exceptions->errorHandler(2, 'Invalid argumen...', 'E:\\xampp\\htdocs...', 113, Array)
#1 E:\xampp\htdocs\koperasi\system\View\View.php(246): include('E:\\xampp\\htdocs...')
#2 E:\xampp\htdocs\koperasi\system\Common.php(1087): CodeIgniter\View\View->render('pinjaman', Array, true)
#3 E:\xampp\htdocs\koperasi\app\Controllers\Home.php(418): view('pinjaman')
#4 E:\xampp\htdocs\koperasi\system\CodeIgniter.php(914): App\Controllers\Home->pinjaman()
#5 E:\xampp\htdocs\koperasi\system\CodeIgniter.php(400): CodeIgniter\CodeIgniter->runController(Object(App\Controllers\Home))
#6 E:\xampp\htdocs\koperasi\system\CodeIgniter.php(308): CodeIgniter\CodeIgniter->handleRequest(NULL, Object(Config\Cache), false)
#7 E:\xampp\htdocs\koperasi\public\index.php(45): CodeIgniter\CodeIgniter->run()
#8 E:\xampp\htdocs\koperasi\system\Commands\Server\rewrite.php(34): require_once('E:\\xampp\\htdocs...')
#9 {main}
CRITICAL - 2023-10-05 06:02:45 --> Invalid argument supplied for foreach()
#0 E:\xampp\htdocs\koperasi\app\Views\pinjaman.php(110): CodeIgniter\Debug\Exceptions->errorHandler(2, 'Invalid argumen...', 'E:\\xampp\\htdocs...', 110, Array)
#1 E:\xampp\htdocs\koperasi\system\View\View.php(246): include('E:\\xampp\\htdocs...')
#2 E:\xampp\htdocs\koperasi\system\Common.php(1087): CodeIgniter\View\View->render('pinjaman', Array, true)
#3 E:\xampp\htdocs\koperasi\app\Controllers\Home.php(419): view('pinjaman')
#4 E:\xampp\htdocs\koperasi\system\CodeIgniter.php(914): App\Controllers\Home->pinjaman()
#5 E:\xampp\htdocs\koperasi\system\CodeIgniter.php(400): CodeIgniter\CodeIgniter->runController(Object(App\Controllers\Home))
#6 E:\xampp\htdocs\koperasi\system\CodeIgniter.php(308): CodeIgniter\CodeIgniter->handleRequest(NULL, Object(Config\Cache), false)
#7 E:\xampp\htdocs\koperasi\public\index.php(45): CodeIgniter\CodeIgniter->run()
#8 E:\xampp\htdocs\koperasi\system\Commands\Server\rewrite.php(34): require_once('E:\\xampp\\htdocs...')
#9 {main}
CRITICAL - 2023-10-05 06:02:46 --> Invalid argument supplied for foreach()
#0 E:\xampp\htdocs\koperasi\app\Views\pinjaman.php(110): CodeIgniter\Debug\Exceptions->errorHandler(2, 'Invalid argumen...', 'E:\\xampp\\htdocs...', 110, Array)
#1 E:\xampp\htdocs\koperasi\system\View\View.php(246): include('E:\\xampp\\htdocs...')
#2 E:\xampp\htdocs\koperasi\system\Common.php(1087): CodeIgniter\View\View->render('pinjaman', Array, true)
#3 E:\xampp\htdocs\koperasi\app\Controllers\Home.php(419): view('pinjaman')
#4 E:\xampp\htdocs\koperasi\system\CodeIgniter.php(914): App\Controllers\Home->pinjaman()
#5 E:\xampp\htdocs\koperasi\system\CodeIgniter.php(400): CodeIgniter\CodeIgniter->runController(Object(App\Controllers\Home))
#6 E:\xampp\htdocs\koperasi\system\CodeIgniter.php(308): CodeIgniter\CodeIgniter->handleRequest(NULL, Object(Config\Cache), false)
#7 E:\xampp\htdocs\koperasi\public\index.php(45): CodeIgniter\CodeIgniter->run()
#8 E:\xampp\htdocs\koperasi\system\Commands\Server\rewrite.php(34): require_once('E:\\xampp\\htdocs...')
#9 {main}
CRITICAL - 2023-10-05 06:02:56 --> Invalid argument supplied for foreach()
#0 E:\xampp\htdocs\koperasi\app\Views\pinjaman.php(110): CodeIgniter\Debug\Exceptions->errorHandler(2, 'Invalid argumen...', 'E:\\xampp\\htdocs...', 110, Array)
#1 E:\xampp\htdocs\koperasi\system\View\View.php(246): include('E:\\xampp\\htdocs...')
#2 E:\xampp\htdocs\koperasi\system\Common.php(1087): CodeIgniter\View\View->render('pinjaman', Array, true)
#3 E:\xampp\htdocs\koperasi\app\Controllers\Home.php(419): view('pinjaman')
#4 E:\xampp\htdocs\koperasi\system\CodeIgniter.php(914): App\Controllers\Home->pinjaman()
#5 E:\xampp\htdocs\koperasi\system\CodeIgniter.php(400): CodeIgniter\CodeIgniter->runController(Object(App\Controllers\Home))
#6 E:\xampp\htdocs\koperasi\system\CodeIgniter.php(308): CodeIgniter\CodeIgniter->handleRequest(NULL, Object(Config\Cache), false)
#7 E:\xampp\htdocs\koperasi\public\index.php(45): CodeIgniter\CodeIgniter->run()
#8 E:\xampp\htdocs\koperasi\system\Commands\Server\rewrite.php(34): require_once('E:\\xampp\\htdocs...')
#9 {main}
