CRITICAL - 2023-08-23 00:07:03 --> Invalid argument supplied for foreach()
#0 C:\xampp\htdocs\lomba\app\Views\v_murid.php(31): CodeIgniter\Debug\Exceptions->errorHandler(2, 'Invalid argumen...', 'C:\\xampp\\htdocs...', 31, Array)
#1 C:\xampp\htdocs\lomba\system\View\View.php(246): include('C:\\xampp\\htdocs...')
#2 C:\xampp\htdocs\lomba\system\Common.php(1087): CodeIgniter\View\View->render('v_murid', Array, true)
#3 C:\xampp\htdocs\lomba\app\Controllers\Home.php(132): view('v_murid', Array)
#4 C:\xampp\htdocs\lomba\system\CodeIgniter.php(914): App\Controllers\Home->murid()
#5 C:\xampp\htdocs\lomba\system\CodeIgniter.php(400): CodeIgniter\CodeIgniter->runController(Object(App\Controllers\Home))
#6 C:\xampp\htdocs\lomba\system\CodeIgniter.php(308): CodeIgniter\CodeIgniter->handleRequest(NULL, Object(Config\Cache), false)
#7 C:\xampp\htdocs\lomba\public\index.php(45): CodeIgniter\CodeIgniter->run()
#8 C:\xampp\htdocs\lomba\system\Commands\Server\rewrite.php(34): require_once('C:\\xampp\\htdocs...')
#9 {main}
CRITICAL - 2023-08-23 00:08:48 --> Invalid argument supplied for foreach()
#0 C:\xampp\htdocs\lomba\app\Views\v_murid.php(31): CodeIgniter\Debug\Exceptions->errorHandler(2, 'Invalid argumen...', 'C:\\xampp\\htdocs...', 31, Array)
#1 C:\xampp\htdocs\lomba\system\View\View.php(246): include('C:\\xampp\\htdocs...')
#2 C:\xampp\htdocs\lomba\system\Common.php(1087): CodeIgniter\View\View->render('v_murid', Array, true)
#3 C:\xampp\htdocs\lomba\app\Controllers\Home.php(132): view('v_murid', Array)
#4 C:\xampp\htdocs\lomba\system\CodeIgniter.php(914): App\Controllers\Home->murid()
#5 C:\xampp\htdocs\lomba\system\CodeIgniter.php(400): CodeIgniter\CodeIgniter->runController(Object(App\Controllers\Home))
#6 C:\xampp\htdocs\lomba\system\CodeIgniter.php(308): CodeIgniter\CodeIgniter->handleRequest(NULL, Object(Config\Cache), false)
#7 C:\xampp\htdocs\lomba\public\index.php(45): CodeIgniter\CodeIgniter->run()
#8 C:\xampp\htdocs\lomba\system\Commands\Server\rewrite.php(34): require_once('C:\\xampp\\htdocs...')
#9 {main}
CRITICAL - 2023-08-23 00:39:25 --> file_get_contents(): php_network_getaddresses: getaddrinfo failed: No such host is known. 
#0 [internal function]: CodeIgniter\Debug\Exceptions->errorHandler(2, 'file_get_conten...', 'C:\\xampp\\htdocs...', 25, Array)
#1 C:\xampp\htdocs\lomba\app\Controllers\Home.php(25): file_get_contents('https://www.goo...')
#2 C:\xampp\htdocs\lomba\system\CodeIgniter.php(914): App\Controllers\Home->aksi_login()
#3 C:\xampp\htdocs\lomba\system\CodeIgniter.php(400): CodeIgniter\CodeIgniter->runController(Object(App\Controllers\Home))
#4 C:\xampp\htdocs\lomba\system\CodeIgniter.php(308): CodeIgniter\CodeIgniter->handleRequest(NULL, Object(Config\Cache), false)
#5 C:\xampp\htdocs\lomba\public\index.php(45): CodeIgniter\CodeIgniter->run()
#6 C:\xampp\htdocs\lomba\system\Commands\Server\rewrite.php(34): require_once('C:\\xampp\\htdocs...')
#7 {main}
CRITICAL - 2023-08-23 00:49:10 --> Invalid argument supplied for foreach()
#0 C:\xampp\htdocs\lomba\app\Views\v_guru.php(26): CodeIgniter\Debug\Exceptions->errorHandler(2, 'Invalid argumen...', 'C:\\xampp\\htdocs...', 26, Array)
#1 C:\xampp\htdocs\lomba\system\View\View.php(246): include('C:\\xampp\\htdocs...')
#2 C:\xampp\htdocs\lomba\system\Common.php(1087): CodeIgniter\View\View->render('v_guru', Array, true)
#3 C:\xampp\htdocs\lomba\app\Controllers\Home.php(243): view('v_guru', Array)
#4 C:\xampp\htdocs\lomba\system\CodeIgniter.php(914): App\Controllers\Home->guru()
#5 C:\xampp\htdocs\lomba\system\CodeIgniter.php(400): CodeIgniter\CodeIgniter->runController(Object(App\Controllers\Home))
#6 C:\xampp\htdocs\lomba\system\CodeIgniter.php(308): CodeIgniter\CodeIgniter->handleRequest(NULL, Object(Config\Cache), false)
#7 C:\xampp\htdocs\lomba\public\index.php(45): CodeIgniter\CodeIgniter->run()
#8 C:\xampp\htdocs\lomba\system\Commands\Server\rewrite.php(34): require_once('C:\\xampp\\htdocs...')
#9 {main}
CRITICAL - 2023-08-23 00:57:14 --> Too few arguments to function App\Controllers\Home::edituser(), 0 passed in C:\xampp\htdocs\lomba\system\CodeIgniter.php on line 914 and exactly 1 expected
#0 C:\xampp\htdocs\lomba\system\CodeIgniter.php(914): App\Controllers\Home->edituser()
#1 C:\xampp\htdocs\lomba\system\CodeIgniter.php(400): CodeIgniter\CodeIgniter->runController(Object(App\Controllers\Home))
#2 C:\xampp\htdocs\lomba\system\CodeIgniter.php(308): CodeIgniter\CodeIgniter->handleRequest(NULL, Object(Config\Cache), false)
#3 C:\xampp\htdocs\lomba\public\index.php(45): CodeIgniter\CodeIgniter->run()
#4 C:\xampp\htdocs\lomba\system\Commands\Server\rewrite.php(34): require_once('C:\\xampp\\htdocs...')
#5 {main}
