CRITICAL - 2023-09-07 22:17:03 --> file_get_contents(): php_network_getaddresses: getaddrinfo failed: No such host is known. 
#0 [internal function]: CodeIgniter\Debug\Exceptions->errorHandler(2, 'file_get_conten...', 'C:\\xampp1\\htdoc...', 36, Array)
#1 C:\xampp1\htdocs\lomba\app\Controllers\Home.php(36): file_get_contents('https://www.goo...')
#2 C:\xampp1\htdocs\lomba\system\CodeIgniter.php(914): App\Controllers\Home->aksi_login()
#3 C:\xampp1\htdocs\lomba\system\CodeIgniter.php(400): CodeIgniter\CodeIgniter->runController(Object(App\Controllers\Home))
#4 C:\xampp1\htdocs\lomba\system\CodeIgniter.php(308): CodeIgniter\CodeIgniter->handleRequest(NULL, Object(Config\Cache), false)
#5 C:\xampp1\htdocs\lomba\public\index.php(45): CodeIgniter\CodeIgniter->run()
#6 C:\xampp1\htdocs\lomba\system\Commands\Server\rewrite.php(34): require_once('C:\\xampp1\\htdoc...')
#7 {main}
CRITICAL - 2023-09-07 22:20:38 --> No connection could be made because the target machine actively refused it.

#0 C:\xampp1\htdocs\lomba\system\Database\BaseConnection.php(377): CodeIgniter\Database\MySQLi\Connection->connect(false)
#1 C:\xampp1\htdocs\lomba\system\Database\BaseConnection.php(643): CodeIgniter\Database\BaseConnection->initialize()
#2 C:\xampp1\htdocs\lomba\system\Database\BaseBuilder.php(2004): CodeIgniter\Database\BaseConnection->query('SELECT *\nFROM `...', Array, false)
#3 C:\xampp1\htdocs\lomba\app\Models\M_model.php(24): CodeIgniter\Database\BaseBuilder->getWhere(Array)
#4 C:\xampp1\htdocs\lomba\app\Controllers\Home.php(52): App\Models\M_model->getWhere2('user', Array)
#5 C:\xampp1\htdocs\lomba\system\CodeIgniter.php(914): App\Controllers\Home->aksi_login()
#6 C:\xampp1\htdocs\lomba\system\CodeIgniter.php(400): CodeIgniter\CodeIgniter->runController(Object(App\Controllers\Home))
#7 C:\xampp1\htdocs\lomba\system\CodeIgniter.php(308): CodeIgniter\CodeIgniter->handleRequest(NULL, Object(Config\Cache), false)
#8 C:\xampp1\htdocs\lomba\public\index.php(45): CodeIgniter\CodeIgniter->run()
#9 C:\xampp1\htdocs\lomba\system\Commands\Server\rewrite.php(34): require_once('C:\\xampp1\\htdoc...')
#10 {main}
CRITICAL - 2023-09-07 22:34:59 --> Call to a member function post() on null
#0 C:\xampp1\htdocs\lomba\system\CodeIgniter.php(914): App\Controllers\Home->aksi_tambahmurid()
#1 C:\xampp1\htdocs\lomba\system\CodeIgniter.php(400): CodeIgniter\CodeIgniter->runController(Object(App\Controllers\Home))
#2 C:\xampp1\htdocs\lomba\system\CodeIgniter.php(308): CodeIgniter\CodeIgniter->handleRequest(NULL, Object(Config\Cache), false)
#3 C:\xampp1\htdocs\lomba\public\index.php(45): CodeIgniter\CodeIgniter->run()
#4 C:\xampp1\htdocs\lomba\system\Commands\Server\rewrite.php(34): require_once('C:\\xampp1\\htdoc...')
#5 {main}
CRITICAL - 2023-09-07 22:35:05 --> Call to a member function post() on null
#0 C:\xampp1\htdocs\lomba\system\CodeIgniter.php(914): App\Controllers\Home->aksi_tambahmurid()
#1 C:\xampp1\htdocs\lomba\system\CodeIgniter.php(400): CodeIgniter\CodeIgniter->runController(Object(App\Controllers\Home))
#2 C:\xampp1\htdocs\lomba\system\CodeIgniter.php(308): CodeIgniter\CodeIgniter->handleRequest(NULL, Object(Config\Cache), false)
#3 C:\xampp1\htdocs\lomba\public\index.php(45): CodeIgniter\CodeIgniter->run()
#4 C:\xampp1\htdocs\lomba\system\Commands\Server\rewrite.php(34): require_once('C:\\xampp1\\htdoc...')
#5 {main}
CRITICAL - 2023-09-07 22:35:35 --> Call to a member function post() on null
#0 C:\xampp1\htdocs\lomba\system\CodeIgniter.php(914): App\Controllers\Home->aksi_tambahmurid()
#1 C:\xampp1\htdocs\lomba\system\CodeIgniter.php(400): CodeIgniter\CodeIgniter->runController(Object(App\Controllers\Home))
#2 C:\xampp1\htdocs\lomba\system\CodeIgniter.php(308): CodeIgniter\CodeIgniter->handleRequest(NULL, Object(Config\Cache), false)
#3 C:\xampp1\htdocs\lomba\public\index.php(45): CodeIgniter\CodeIgniter->run()
#4 C:\xampp1\htdocs\lomba\system\Commands\Server\rewrite.php(34): require_once('C:\\xampp1\\htdoc...')
#5 {main}
CRITICAL - 2023-09-07 22:37:18 --> Call to a member function post() on null
#0 C:\xampp1\htdocs\lomba\system\CodeIgniter.php(914): App\Controllers\Home->aksi_tambahmurid()
#1 C:\xampp1\htdocs\lomba\system\CodeIgniter.php(400): CodeIgniter\CodeIgniter->runController(Object(App\Controllers\Home))
#2 C:\xampp1\htdocs\lomba\system\CodeIgniter.php(308): CodeIgniter\CodeIgniter->handleRequest(NULL, Object(Config\Cache), false)
#3 C:\xampp1\htdocs\lomba\public\index.php(45): CodeIgniter\CodeIgniter->run()
#4 C:\xampp1\htdocs\lomba\system\Commands\Server\rewrite.php(34): require_once('C:\\xampp1\\htdoc...')
#5 {main}
CRITICAL - 2023-09-07 22:38:24 --> Call to a member function post() on null
#0 C:\xampp1\htdocs\lomba\system\CodeIgniter.php(914): App\Controllers\Home->aksi_tambahmurid()
#1 C:\xampp1\htdocs\lomba\system\CodeIgniter.php(400): CodeIgniter\CodeIgniter->runController(Object(App\Controllers\Home))
#2 C:\xampp1\htdocs\lomba\system\CodeIgniter.php(308): CodeIgniter\CodeIgniter->handleRequest(NULL, Object(Config\Cache), false)
#3 C:\xampp1\htdocs\lomba\public\index.php(45): CodeIgniter\CodeIgniter->run()
#4 C:\xampp1\htdocs\lomba\system\Commands\Server\rewrite.php(34): require_once('C:\\xampp1\\htdoc...')
#5 {main}
CRITICAL - 2023-09-07 22:41:54 --> Call to a member function post() on null
#0 C:\xampp1\htdocs\lomba\system\CodeIgniter.php(914): App\Controllers\Home->aksi_tambahmurid()
#1 C:\xampp1\htdocs\lomba\system\CodeIgniter.php(400): CodeIgniter\CodeIgniter->runController(Object(App\Controllers\Home))
#2 C:\xampp1\htdocs\lomba\system\CodeIgniter.php(308): CodeIgniter\CodeIgniter->handleRequest(NULL, Object(Config\Cache), false)
#3 C:\xampp1\htdocs\lomba\public\index.php(45): CodeIgniter\CodeIgniter->run()
#4 C:\xampp1\htdocs\lomba\system\Commands\Server\rewrite.php(34): require_once('C:\\xampp1\\htdoc...')
#5 {main}
CRITICAL - 2023-09-07 22:52:36 --> Call to a member function post() on null
#0 C:\xampp1\htdocs\lomba\system\CodeIgniter.php(914): App\Controllers\Home->aksi_tambahmurid()
#1 C:\xampp1\htdocs\lomba\system\CodeIgniter.php(400): CodeIgniter\CodeIgniter->runController(Object(App\Controllers\Home))
#2 C:\xampp1\htdocs\lomba\system\CodeIgniter.php(308): CodeIgniter\CodeIgniter->handleRequest(NULL, Object(Config\Cache), false)
#3 C:\xampp1\htdocs\lomba\public\index.php(45): CodeIgniter\CodeIgniter->run()
#4 C:\xampp1\htdocs\lomba\system\Commands\Server\rewrite.php(34): require_once('C:\\xampp1\\htdoc...')
#5 {main}
CRITICAL - 2023-09-07 23:03:42 --> Argument 2 passed to CodeIgniter\Database\BaseBuilder::join() must be of the type string, null given, called in C:\xampp1\htdocs\lomba\app\Models\M_model.php on line 36
#0 C:\xampp1\htdocs\lomba\app\Models\M_model.php(36): CodeIgniter\Database\BaseBuilder->join('data_pembimbing', NULL, 'left')
#1 C:\xampp1\htdocs\lomba\app\Controllers\Home.php(83): App\Models\M_model->join3('data_murid', 'data_pembimbing', 'data_lomba', NULL, NULL)
#2 C:\xampp1\htdocs\lomba\system\CodeIgniter.php(914): App\Controllers\Home->load_table_murid()
#3 C:\xampp1\htdocs\lomba\system\CodeIgniter.php(400): CodeIgniter\CodeIgniter->runController(Object(App\Controllers\Home))
#4 C:\xampp1\htdocs\lomba\system\CodeIgniter.php(308): CodeIgniter\CodeIgniter->handleRequest(NULL, Object(Config\Cache), false)
#5 C:\xampp1\htdocs\lomba\public\index.php(45): CodeIgniter\CodeIgniter->run()
#6 C:\xampp1\htdocs\lomba\system\Commands\Server\rewrite.php(34): require_once('C:\\xampp1\\htdoc...')
#7 {main}
CRITICAL - 2023-09-07 23:04:09 --> Argument 2 passed to CodeIgniter\Database\BaseBuilder::join() must be of the type string, null given, called in C:\xampp1\htdocs\lomba\app\Models\M_model.php on line 36
#0 C:\xampp1\htdocs\lomba\app\Models\M_model.php(36): CodeIgniter\Database\BaseBuilder->join('data_pembimbing', NULL, 'left')
#1 C:\xampp1\htdocs\lomba\app\Controllers\Home.php(83): App\Models\M_model->join3('data_murid', 'data_pembimbing', 'data_lomba', NULL, NULL)
#2 C:\xampp1\htdocs\lomba\system\CodeIgniter.php(914): App\Controllers\Home->load_table_murid()
#3 C:\xampp1\htdocs\lomba\system\CodeIgniter.php(400): CodeIgniter\CodeIgniter->runController(Object(App\Controllers\Home))
#4 C:\xampp1\htdocs\lomba\system\CodeIgniter.php(308): CodeIgniter\CodeIgniter->handleRequest(NULL, Object(Config\Cache), false)
#5 C:\xampp1\htdocs\lomba\public\index.php(45): CodeIgniter\CodeIgniter->run()
#6 C:\xampp1\htdocs\lomba\system\Commands\Server\rewrite.php(34): require_once('C:\\xampp1\\htdoc...')
#7 {main}
