CRITICAL - 2023-08-27 23:02:34 --> Too few arguments to function App\Controllers\Home::editguru(), 0 passed in C:\xampp\htdocs\lomba\system\CodeIgniter.php on line 914 and exactly 1 expected
#0 C:\xampp\htdocs\lomba\system\CodeIgniter.php(914): App\Controllers\Home->editguru()
#1 C:\xampp\htdocs\lomba\system\CodeIgniter.php(400): CodeIgniter\CodeIgniter->runController(Object(App\Controllers\Home))
#2 C:\xampp\htdocs\lomba\system\CodeIgniter.php(308): CodeIgniter\CodeIgniter->handleRequest(NULL, Object(Config\Cache), false)
#3 C:\xampp\htdocs\lomba\public\index.php(45): CodeIgniter\CodeIgniter->run()
#4 C:\xampp\htdocs\lomba\system\Commands\Server\rewrite.php(34): require_once('C:\\xampp\\htdocs...')
#5 {main}
CRITICAL - 2023-08-27 23:03:10 --> Too few arguments to function App\Controllers\Home::editguru(), 0 passed in C:\xampp\htdocs\lomba\system\CodeIgniter.php on line 914 and exactly 1 expected
#0 C:\xampp\htdocs\lomba\system\CodeIgniter.php(914): App\Controllers\Home->editguru()
#1 C:\xampp\htdocs\lomba\system\CodeIgniter.php(400): CodeIgniter\CodeIgniter->runController(Object(App\Controllers\Home))
#2 C:\xampp\htdocs\lomba\system\CodeIgniter.php(308): CodeIgniter\CodeIgniter->handleRequest(NULL, Object(Config\Cache), false)
#3 C:\xampp\htdocs\lomba\public\index.php(45): CodeIgniter\CodeIgniter->run()
#4 C:\xampp\htdocs\lomba\system\Commands\Server\rewrite.php(34): require_once('C:\\xampp\\htdocs...')
#5 {main}
CRITICAL - 2023-08-27 23:03:29 --> Too few arguments to function App\Controllers\Home::editguru(), 0 passed in C:\xampp\htdocs\lomba\system\CodeIgniter.php on line 914 and exactly 1 expected
#0 C:\xampp\htdocs\lomba\system\CodeIgniter.php(914): App\Controllers\Home->editguru()
#1 C:\xampp\htdocs\lomba\system\CodeIgniter.php(400): CodeIgniter\CodeIgniter->runController(Object(App\Controllers\Home))
#2 C:\xampp\htdocs\lomba\system\CodeIgniter.php(308): CodeIgniter\CodeIgniter->handleRequest(NULL, Object(Config\Cache), false)
#3 C:\xampp\htdocs\lomba\public\index.php(45): CodeIgniter\CodeIgniter->run()
#4 C:\xampp\htdocs\lomba\system\Commands\Server\rewrite.php(34): require_once('C:\\xampp\\htdocs...')
#5 {main}
CRITICAL - 2023-08-27 23:03:31 --> Too few arguments to function App\Controllers\Home::editguru(), 0 passed in C:\xampp\htdocs\lomba\system\CodeIgniter.php on line 914 and exactly 1 expected
#0 C:\xampp\htdocs\lomba\system\CodeIgniter.php(914): App\Controllers\Home->editguru()
#1 C:\xampp\htdocs\lomba\system\CodeIgniter.php(400): CodeIgniter\CodeIgniter->runController(Object(App\Controllers\Home))
#2 C:\xampp\htdocs\lomba\system\CodeIgniter.php(308): CodeIgniter\CodeIgniter->handleRequest(NULL, Object(Config\Cache), false)
#3 C:\xampp\htdocs\lomba\public\index.php(45): CodeIgniter\CodeIgniter->run()
#4 C:\xampp\htdocs\lomba\system\Commands\Server\rewrite.php(34): require_once('C:\\xampp\\htdocs...')
#5 {main}
CRITICAL - 2023-08-27 23:04:38 --> Too few arguments to function App\Controllers\Home::editguru(), 0 passed in C:\xampp\htdocs\lomba\system\CodeIgniter.php on line 914 and exactly 1 expected
#0 C:\xampp\htdocs\lomba\system\CodeIgniter.php(914): App\Controllers\Home->editguru()
#1 C:\xampp\htdocs\lomba\system\CodeIgniter.php(400): CodeIgniter\CodeIgniter->runController(Object(App\Controllers\Home))
#2 C:\xampp\htdocs\lomba\system\CodeIgniter.php(308): CodeIgniter\CodeIgniter->handleRequest(NULL, Object(Config\Cache), false)
#3 C:\xampp\htdocs\lomba\public\index.php(45): CodeIgniter\CodeIgniter->run()
#4 C:\xampp\htdocs\lomba\system\Commands\Server\rewrite.php(34): require_once('C:\\xampp\\htdocs...')
#5 {main}
CRITICAL - 2023-08-27 23:05:02 --> Too few arguments to function App\Controllers\Home::editguru(), 0 passed in C:\xampp\htdocs\lomba\system\CodeIgniter.php on line 914 and exactly 1 expected
#0 C:\xampp\htdocs\lomba\system\CodeIgniter.php(914): App\Controllers\Home->editguru()
#1 C:\xampp\htdocs\lomba\system\CodeIgniter.php(400): CodeIgniter\CodeIgniter->runController(Object(App\Controllers\Home))
#2 C:\xampp\htdocs\lomba\system\CodeIgniter.php(308): CodeIgniter\CodeIgniter->handleRequest(NULL, Object(Config\Cache), false)
#3 C:\xampp\htdocs\lomba\public\index.php(45): CodeIgniter\CodeIgniter->run()
#4 C:\xampp\htdocs\lomba\system\Commands\Server\rewrite.php(34): require_once('C:\\xampp\\htdocs...')
#5 {main}
CRITICAL - 2023-08-27 23:05:04 --> Too few arguments to function App\Controllers\Home::editguru(), 0 passed in C:\xampp\htdocs\lomba\system\CodeIgniter.php on line 914 and exactly 1 expected
#0 C:\xampp\htdocs\lomba\system\CodeIgniter.php(914): App\Controllers\Home->editguru()
#1 C:\xampp\htdocs\lomba\system\CodeIgniter.php(400): CodeIgniter\CodeIgniter->runController(Object(App\Controllers\Home))
#2 C:\xampp\htdocs\lomba\system\CodeIgniter.php(308): CodeIgniter\CodeIgniter->handleRequest(NULL, Object(Config\Cache), false)
#3 C:\xampp\htdocs\lomba\public\index.php(45): CodeIgniter\CodeIgniter->run()
#4 C:\xampp\htdocs\lomba\system\Commands\Server\rewrite.php(34): require_once('C:\\xampp\\htdocs...')
#5 {main}
CRITICAL - 2023-08-27 23:06:25 --> Too few arguments to function App\Controllers\Home::editguru(), 0 passed in C:\xampp\htdocs\lomba\system\CodeIgniter.php on line 914 and exactly 1 expected
#0 C:\xampp\htdocs\lomba\system\CodeIgniter.php(914): App\Controllers\Home->editguru()
#1 C:\xampp\htdocs\lomba\system\CodeIgniter.php(400): CodeIgniter\CodeIgniter->runController(Object(App\Controllers\Home))
#2 C:\xampp\htdocs\lomba\system\CodeIgniter.php(308): CodeIgniter\CodeIgniter->handleRequest(NULL, Object(Config\Cache), false)
#3 C:\xampp\htdocs\lomba\public\index.php(45): CodeIgniter\CodeIgniter->run()
#4 C:\xampp\htdocs\lomba\system\Commands\Server\rewrite.php(34): require_once('C:\\xampp\\htdocs...')
#5 {main}
CRITICAL - 2023-08-27 23:06:32 --> Too few arguments to function App\Controllers\Home::editguru(), 0 passed in C:\xampp\htdocs\lomba\system\CodeIgniter.php on line 914 and exactly 1 expected
#0 C:\xampp\htdocs\lomba\system\CodeIgniter.php(914): App\Controllers\Home->editguru()
#1 C:\xampp\htdocs\lomba\system\CodeIgniter.php(400): CodeIgniter\CodeIgniter->runController(Object(App\Controllers\Home))
#2 C:\xampp\htdocs\lomba\system\CodeIgniter.php(308): CodeIgniter\CodeIgniter->handleRequest(NULL, Object(Config\Cache), false)
#3 C:\xampp\htdocs\lomba\public\index.php(45): CodeIgniter\CodeIgniter->run()
#4 C:\xampp\htdocs\lomba\system\Commands\Server\rewrite.php(34): require_once('C:\\xampp\\htdocs...')
#5 {main}
CRITICAL - 2023-08-27 23:09:19 --> syntax error, unexpected 'public' (T_PUBLIC)
#0 C:\xampp\htdocs\lomba\system\Router\Router.php(192): CodeIgniter\Router\Router->autoRoute('home/editguru')
#1 C:\xampp\htdocs\lomba\system\CodeIgniter.php(789): CodeIgniter\Router\Router->handle('home/editguru')
#2 C:\xampp\htdocs\lomba\system\CodeIgniter.php(360): CodeIgniter\CodeIgniter->tryToRouteIt(Object(CodeIgniter\Router\RouteCollection))
#3 C:\xampp\htdocs\lomba\system\CodeIgniter.php(308): CodeIgniter\CodeIgniter->handleRequest(NULL, Object(Config\Cache), false)
#4 C:\xampp\htdocs\lomba\public\index.php(45): CodeIgniter\CodeIgniter->run()
#5 C:\xampp\htdocs\lomba\system\Commands\Server\rewrite.php(34): require_once('C:\\xampp\\htdocs...')
#6 {main}
CRITICAL - 2023-08-27 23:09:29 --> Too few arguments to function App\Controllers\Home::editguru(), 0 passed in C:\xampp\htdocs\lomba\system\CodeIgniter.php on line 914 and exactly 1 expected
#0 C:\xampp\htdocs\lomba\system\CodeIgniter.php(914): App\Controllers\Home->editguru()
#1 C:\xampp\htdocs\lomba\system\CodeIgniter.php(400): CodeIgniter\CodeIgniter->runController(Object(App\Controllers\Home))
#2 C:\xampp\htdocs\lomba\system\CodeIgniter.php(308): CodeIgniter\CodeIgniter->handleRequest(NULL, Object(Config\Cache), false)
#3 C:\xampp\htdocs\lomba\public\index.php(45): CodeIgniter\CodeIgniter->run()
#4 C:\xampp\htdocs\lomba\system\Commands\Server\rewrite.php(34): require_once('C:\\xampp\\htdocs...')
#5 {main}
CRITICAL - 2023-08-27 23:10:47 --> Too few arguments to function App\Controllers\Home::editguru(), 0 passed in C:\xampp\htdocs\lomba\system\CodeIgniter.php on line 914 and exactly 1 expected
#0 C:\xampp\htdocs\lomba\system\CodeIgniter.php(914): App\Controllers\Home->editguru()
#1 C:\xampp\htdocs\lomba\system\CodeIgniter.php(400): CodeIgniter\CodeIgniter->runController(Object(App\Controllers\Home))
#2 C:\xampp\htdocs\lomba\system\CodeIgniter.php(308): CodeIgniter\CodeIgniter->handleRequest(NULL, Object(Config\Cache), false)
#3 C:\xampp\htdocs\lomba\public\index.php(45): CodeIgniter\CodeIgniter->run()
#4 C:\xampp\htdocs\lomba\system\Commands\Server\rewrite.php(34): require_once('C:\\xampp\\htdocs...')
#5 {main}
