CRITICAL - 2023-08-20 23:29:00 --> Invalid file: index.html
#0 C:\xampp\htdocs\lomba\system\View\View.php(228): CodeIgniter\Exceptions\FrameworkException::forInvalidFile('index.html')
#1 C:\xampp\htdocs\lomba\system\Common.php(1087): CodeIgniter\View\View->render('index.html', Array, true)
#2 C:\xampp\htdocs\lomba\app\Controllers\Home.php(8): view('index.html')
#3 C:\xampp\htdocs\lomba\system\CodeIgniter.php(914): App\Controllers\Home->index()
#4 C:\xampp\htdocs\lomba\system\CodeIgniter.php(400): CodeIgniter\CodeIgniter->runController(Object(App\Controllers\Home))
#5 C:\xampp\htdocs\lomba\system\CodeIgniter.php(308): CodeIgniter\CodeIgniter->handleRequest(NULL, Object(Config\Cache), false)
#6 C:\xampp\htdocs\lomba\public\index.php(45): CodeIgniter\CodeIgniter->run()
#7 C:\xampp\htdocs\lomba\system\Commands\Server\rewrite.php(34): require_once('C:\\xampp\\htdocs...')
#8 {main}
CRITICAL - 2023-08-20 23:29:01 --> Invalid file: index.html
#0 C:\xampp\htdocs\lomba\system\View\View.php(228): CodeIgniter\Exceptions\FrameworkException::forInvalidFile('index.html')
#1 C:\xampp\htdocs\lomba\system\Common.php(1087): CodeIgniter\View\View->render('index.html', Array, true)
#2 C:\xampp\htdocs\lomba\app\Controllers\Home.php(8): view('index.html')
#3 C:\xampp\htdocs\lomba\system\CodeIgniter.php(914): App\Controllers\Home->index()
#4 C:\xampp\htdocs\lomba\system\CodeIgniter.php(400): CodeIgniter\CodeIgniter->runController(Object(App\Controllers\Home))
#5 C:\xampp\htdocs\lomba\system\CodeIgniter.php(308): CodeIgniter\CodeIgniter->handleRequest(NULL, Object(Config\Cache), false)
#6 C:\xampp\htdocs\lomba\public\index.php(45): CodeIgniter\CodeIgniter->run()
#7 C:\xampp\htdocs\lomba\system\Commands\Server\rewrite.php(34): require_once('C:\\xampp\\htdocs...')
#8 {main}
CRITICAL - 2023-08-20 23:29:03 --> Invalid file: index.html
#0 C:\xampp\htdocs\lomba\system\View\View.php(228): CodeIgniter\Exceptions\FrameworkException::forInvalidFile('index.html')
#1 C:\xampp\htdocs\lomba\system\Common.php(1087): CodeIgniter\View\View->render('index.html', Array, true)
#2 C:\xampp\htdocs\lomba\app\Controllers\Home.php(8): view('index.html')
#3 C:\xampp\htdocs\lomba\system\CodeIgniter.php(914): App\Controllers\Home->index()
#4 C:\xampp\htdocs\lomba\system\CodeIgniter.php(400): CodeIgniter\CodeIgniter->runController(Object(App\Controllers\Home))
#5 C:\xampp\htdocs\lomba\system\CodeIgniter.php(308): CodeIgniter\CodeIgniter->handleRequest(NULL, Object(Config\Cache), false)
#6 C:\xampp\htdocs\lomba\public\index.php(45): CodeIgniter\CodeIgniter->run()
#7 C:\xampp\htdocs\lomba\system\Commands\Server\rewrite.php(34): require_once('C:\\xampp\\htdocs...')
#8 {main}
CRITICAL - 2023-08-20 23:29:06 --> Invalid file: index.php
#0 C:\xampp\htdocs\lomba\system\View\View.php(228): CodeIgniter\Exceptions\FrameworkException::forInvalidFile('index.php')
#1 C:\xampp\htdocs\lomba\system\Common.php(1087): CodeIgniter\View\View->render('index', Array, true)
#2 C:\xampp\htdocs\lomba\app\Controllers\Home.php(8): view('index')
#3 C:\xampp\htdocs\lomba\system\CodeIgniter.php(914): App\Controllers\Home->index()
#4 C:\xampp\htdocs\lomba\system\CodeIgniter.php(400): CodeIgniter\CodeIgniter->runController(Object(App\Controllers\Home))
#5 C:\xampp\htdocs\lomba\system\CodeIgniter.php(308): CodeIgniter\CodeIgniter->handleRequest(NULL, Object(Config\Cache), false)
#6 C:\xampp\htdocs\lomba\public\index.php(45): CodeIgniter\CodeIgniter->run()
#7 C:\xampp\htdocs\lomba\system\Commands\Server\rewrite.php(34): require_once('C:\\xampp\\htdocs...')
#8 {main}
CRITICAL - 2023-08-20 23:46:54 --> Invalid argument supplied for foreach()
#0 C:\xampp\htdocs\lomba\app\Views\v_user.php(19): CodeIgniter\Debug\Exceptions->errorHandler(2, 'Invalid argumen...', 'C:\\xampp\\htdocs...', 19, Array)
#1 C:\xampp\htdocs\lomba\system\View\View.php(246): include('C:\\xampp\\htdocs...')
#2 C:\xampp\htdocs\lomba\system\Common.php(1087): CodeIgniter\View\View->render('v_user', Array, true)
#3 C:\xampp\htdocs\lomba\app\Controllers\Home.php(15): view('v_user')
#4 C:\xampp\htdocs\lomba\system\CodeIgniter.php(914): App\Controllers\Home->user()
#5 C:\xampp\htdocs\lomba\system\CodeIgniter.php(400): CodeIgniter\CodeIgniter->runController(Object(App\Controllers\Home))
#6 C:\xampp\htdocs\lomba\system\CodeIgniter.php(308): CodeIgniter\CodeIgniter->handleRequest(NULL, Object(Config\Cache), false)
#7 C:\xampp\htdocs\lomba\public\index.php(45): CodeIgniter\CodeIgniter->run()
#8 C:\xampp\htdocs\lomba\system\Commands\Server\rewrite.php(34): require_once('C:\\xampp\\htdocs...')
#9 {main}
CRITICAL - 2023-08-20 23:47:41 --> Invalid argument supplied for foreach()
#0 C:\xampp\htdocs\lomba\app\Views\v_user.php(19): CodeIgniter\Debug\Exceptions->errorHandler(2, 'Invalid argumen...', 'C:\\xampp\\htdocs...', 19, Array)
#1 C:\xampp\htdocs\lomba\system\View\View.php(246): include('C:\\xampp\\htdocs...')
#2 C:\xampp\htdocs\lomba\system\Common.php(1087): CodeIgniter\View\View->render('v_user', Array, true)
#3 C:\xampp\htdocs\lomba\app\Controllers\Home.php(15): view('v_user')
#4 C:\xampp\htdocs\lomba\system\CodeIgniter.php(914): App\Controllers\Home->user()
#5 C:\xampp\htdocs\lomba\system\CodeIgniter.php(400): CodeIgniter\CodeIgniter->runController(Object(App\Controllers\Home))
#6 C:\xampp\htdocs\lomba\system\CodeIgniter.php(308): CodeIgniter\CodeIgniter->handleRequest(NULL, Object(Config\Cache), false)
#7 C:\xampp\htdocs\lomba\public\index.php(45): CodeIgniter\CodeIgniter->run()
#8 C:\xampp\htdocs\lomba\system\Commands\Server\rewrite.php(34): require_once('C:\\xampp\\htdocs...')
#9 {main}
CRITICAL - 2023-08-20 23:47:54 --> Invalid argument supplied for foreach()
#0 C:\xampp\htdocs\lomba\app\Views\v_user.php(19): CodeIgniter\Debug\Exceptions->errorHandler(2, 'Invalid argumen...', 'C:\\xampp\\htdocs...', 19, Array)
#1 C:\xampp\htdocs\lomba\system\View\View.php(246): include('C:\\xampp\\htdocs...')
#2 C:\xampp\htdocs\lomba\system\Common.php(1087): CodeIgniter\View\View->render('v_user', Array, true)
#3 C:\xampp\htdocs\lomba\app\Controllers\Home.php(15): view('v_user')
#4 C:\xampp\htdocs\lomba\system\CodeIgniter.php(914): App\Controllers\Home->user()
#5 C:\xampp\htdocs\lomba\system\CodeIgniter.php(400): CodeIgniter\CodeIgniter->runController(Object(App\Controllers\Home))
#6 C:\xampp\htdocs\lomba\system\CodeIgniter.php(308): CodeIgniter\CodeIgniter->handleRequest(NULL, Object(Config\Cache), false)
#7 C:\xampp\htdocs\lomba\public\index.php(45): CodeIgniter\CodeIgniter->run()
#8 C:\xampp\htdocs\lomba\system\Commands\Server\rewrite.php(34): require_once('C:\\xampp\\htdocs...')
#9 {main}
CRITICAL - 2023-08-20 23:47:58 --> Invalid argument supplied for foreach()
#0 C:\xampp\htdocs\lomba\app\Views\v_user.php(19): CodeIgniter\Debug\Exceptions->errorHandler(2, 'Invalid argumen...', 'C:\\xampp\\htdocs...', 19, Array)
#1 C:\xampp\htdocs\lomba\system\View\View.php(246): include('C:\\xampp\\htdocs...')
#2 C:\xampp\htdocs\lomba\system\Common.php(1087): CodeIgniter\View\View->render('v_user', Array, true)
#3 C:\xampp\htdocs\lomba\app\Controllers\Home.php(15): view('v_user')
#4 C:\xampp\htdocs\lomba\system\CodeIgniter.php(914): App\Controllers\Home->user()
#5 C:\xampp\htdocs\lomba\system\CodeIgniter.php(400): CodeIgniter\CodeIgniter->runController(Object(App\Controllers\Home))
#6 C:\xampp\htdocs\lomba\system\CodeIgniter.php(308): CodeIgniter\CodeIgniter->handleRequest(NULL, Object(Config\Cache), false)
#7 C:\xampp\htdocs\lomba\public\index.php(45): CodeIgniter\CodeIgniter->run()
#8 C:\xampp\htdocs\lomba\system\Commands\Server\rewrite.php(34): require_once('C:\\xampp\\htdocs...')
#9 {main}
CRITICAL - 2023-08-20 23:49:19 --> Invalid argument supplied for foreach()
#0 C:\xampp\htdocs\lomba\app\Views\v_user.php(19): CodeIgniter\Debug\Exceptions->errorHandler(2, 'Invalid argumen...', 'C:\\xampp\\htdocs...', 19, Array)
#1 C:\xampp\htdocs\lomba\system\View\View.php(246): include('C:\\xampp\\htdocs...')
#2 C:\xampp\htdocs\lomba\system\Common.php(1087): CodeIgniter\View\View->render('v_user', Array, true)
#3 C:\xampp\htdocs\lomba\app\Controllers\Home.php(15): view('v_user')
#4 C:\xampp\htdocs\lomba\system\CodeIgniter.php(914): App\Controllers\Home->user()
#5 C:\xampp\htdocs\lomba\system\CodeIgniter.php(400): CodeIgniter\CodeIgniter->runController(Object(App\Controllers\Home))
#6 C:\xampp\htdocs\lomba\system\CodeIgniter.php(308): CodeIgniter\CodeIgniter->handleRequest(NULL, Object(Config\Cache), false)
#7 C:\xampp\htdocs\lomba\public\index.php(45): CodeIgniter\CodeIgniter->run()
#8 C:\xampp\htdocs\lomba\system\Commands\Server\rewrite.php(34): require_once('C:\\xampp\\htdocs...')
#9 {main}
CRITICAL - 2023-08-20 23:51:57 --> Invalid file: menu.php
#0 C:\xampp\htdocs\lomba\system\View\View.php(228): CodeIgniter\Exceptions\FrameworkException::forInvalidFile('menu.php')
#1 C:\xampp\htdocs\lomba\system\Common.php(1087): CodeIgniter\View\View->render('menu', Array, true)
#2 C:\xampp\htdocs\lomba\app\Controllers\Home.php(17): view('menu')
#3 C:\xampp\htdocs\lomba\system\CodeIgniter.php(914): App\Controllers\Home->user()
#4 C:\xampp\htdocs\lomba\system\CodeIgniter.php(400): CodeIgniter\CodeIgniter->runController(Object(App\Controllers\Home))
#5 C:\xampp\htdocs\lomba\system\CodeIgniter.php(308): CodeIgniter\CodeIgniter->handleRequest(NULL, Object(Config\Cache), false)
#6 C:\xampp\htdocs\lomba\public\index.php(45): CodeIgniter\CodeIgniter->run()
#7 C:\xampp\htdocs\lomba\system\Commands\Server\rewrite.php(34): require_once('C:\\xampp\\htdocs...')
#8 {main}
