CRITICAL - 2023-10-03 06:23:29 --> Invalid argument supplied for foreach()
#0 E:\xampp\htdocs\koperasi\app\Views\dashboard.php(48): CodeIgniter\Debug\Exceptions->errorHandler(2, 'Invalid argumen...', 'E:\\xampp\\htdocs...', 48, Array)
#1 E:\xampp\htdocs\koperasi\system\View\View.php(246): include('E:\\xampp\\htdocs...')
#2 E:\xampp\htdocs\koperasi\system\Common.php(1087): CodeIgniter\View\View->render('dashboard', Array, true)
#3 E:\xampp\htdocs\koperasi\app\Controllers\Home.php(15): view('dashboard')
#4 E:\xampp\htdocs\koperasi\system\CodeIgniter.php(914): App\Controllers\Home->dashboard()
#5 E:\xampp\htdocs\koperasi\system\CodeIgniter.php(400): CodeIgniter\CodeIgniter->runController(Object(App\Controllers\Home))
#6 E:\xampp\htdocs\koperasi\system\CodeIgniter.php(308): CodeIgniter\CodeIgniter->handleRequest(NULL, Object(Config\Cache), false)
#7 E:\xampp\htdocs\koperasi\public\index.php(45): CodeIgniter\CodeIgniter->run()
#8 E:\xampp\htdocs\koperasi\system\Commands\Server\rewrite.php(34): require_once('E:\\xampp\\htdocs...')
#9 {main}
CRITICAL - 2023-10-03 06:23:53 --> Invalid argument supplied for foreach()
#0 E:\xampp\htdocs\koperasi\app\Views\dashboard.php(48): CodeIgniter\Debug\Exceptions->errorHandler(2, 'Invalid argumen...', 'E:\\xampp\\htdocs...', 48, Array)
#1 E:\xampp\htdocs\koperasi\system\View\View.php(246): include('E:\\xampp\\htdocs...')
#2 E:\xampp\htdocs\koperasi\system\Common.php(1087): CodeIgniter\View\View->render('dashboard', Array, true)
#3 E:\xampp\htdocs\koperasi\app\Controllers\Home.php(15): view('dashboard')
#4 E:\xampp\htdocs\koperasi\system\CodeIgniter.php(914): App\Controllers\Home->dashboard()
#5 E:\xampp\htdocs\koperasi\system\CodeIgniter.php(400): CodeIgniter\CodeIgniter->runController(Object(App\Controllers\Home))
#6 E:\xampp\htdocs\koperasi\system\CodeIgniter.php(308): CodeIgniter\CodeIgniter->handleRequest(NULL, Object(Config\Cache), false)
#7 E:\xampp\htdocs\koperasi\public\index.php(45): CodeIgniter\CodeIgniter->run()
#8 E:\xampp\htdocs\koperasi\system\Commands\Server\rewrite.php(34): require_once('E:\\xampp\\htdocs...')
#9 {main}
CRITICAL - 2023-10-03 06:31:48 --> Invalid file: landingpage.php
#0 E:\xampp\htdocs\koperasi\system\View\View.php(228): CodeIgniter\Exceptions\FrameworkException::forInvalidFile('landingpage.php')
#1 E:\xampp\htdocs\koperasi\system\Common.php(1087): CodeIgniter\View\View->render('landingpage', Array, true)
#2 E:\xampp\htdocs\koperasi\app\Controllers\Home.php(11): view('landingpage')
#3 E:\xampp\htdocs\koperasi\system\CodeIgniter.php(914): App\Controllers\Home->index()
#4 E:\xampp\htdocs\koperasi\system\CodeIgniter.php(400): CodeIgniter\CodeIgniter->runController(Object(App\Controllers\Home))
#5 E:\xampp\htdocs\koperasi\system\CodeIgniter.php(308): CodeIgniter\CodeIgniter->handleRequest(NULL, Object(Config\Cache), false)
#6 E:\xampp\htdocs\koperasi\public\index.php(45): CodeIgniter\CodeIgniter->run()
#7 E:\xampp\htdocs\koperasi\system\Commands\Server\rewrite.php(34): require_once('E:\\xampp\\htdocs...')
#8 {main}
CRITICAL - 2023-10-03 08:48:54 --> You must set the database table to be used with your query.
#0 E:\xampp\htdocs\koperasi\system\Model.php(1206): CodeIgniter\Database\BaseConnection->table(NULL)
#1 E:\xampp\htdocs\koperasi\system\Model.php(1714): CodeIgniter\Model->builder()
#2 E:\xampp\htdocs\koperasi\app\Controllers\Home.php(118): CodeIgniter\Model->__call('join', Array)
#3 E:\xampp\htdocs\koperasi\system\CodeIgniter.php(914): App\Controllers\Home->anggota()
#4 E:\xampp\htdocs\koperasi\system\CodeIgniter.php(400): CodeIgniter\CodeIgniter->runController(Object(App\Controllers\Home))
#5 E:\xampp\htdocs\koperasi\system\CodeIgniter.php(308): CodeIgniter\CodeIgniter->handleRequest(NULL, Object(Config\Cache), false)
#6 E:\xampp\htdocs\koperasi\public\index.php(45): CodeIgniter\CodeIgniter->run()
#7 E:\xampp\htdocs\koperasi\system\Commands\Server\rewrite.php(34): require_once('E:\\xampp\\htdocs...')
#8 {main}
CRITICAL - 2023-10-03 08:49:27 --> You must set the database table to be used with your query.
#0 E:\xampp\htdocs\koperasi\system\Model.php(1206): CodeIgniter\Database\BaseConnection->table(NULL)
#1 E:\xampp\htdocs\koperasi\system\Model.php(1714): CodeIgniter\Model->builder()
#2 E:\xampp\htdocs\koperasi\app\Controllers\Home.php(118): CodeIgniter\Model->__call('join', Array)
#3 E:\xampp\htdocs\koperasi\system\CodeIgniter.php(914): App\Controllers\Home->anggota()
#4 E:\xampp\htdocs\koperasi\system\CodeIgniter.php(400): CodeIgniter\CodeIgniter->runController(Object(App\Controllers\Home))
#5 E:\xampp\htdocs\koperasi\system\CodeIgniter.php(308): CodeIgniter\CodeIgniter->handleRequest(NULL, Object(Config\Cache), false)
#6 E:\xampp\htdocs\koperasi\public\index.php(45): CodeIgniter\CodeIgniter->run()
#7 E:\xampp\htdocs\koperasi\system\Commands\Server\rewrite.php(34): require_once('E:\\xampp\\htdocs...')
#8 {main}
CRITICAL - 2023-10-03 08:49:28 --> You must set the database table to be used with your query.
#0 E:\xampp\htdocs\koperasi\system\Model.php(1206): CodeIgniter\Database\BaseConnection->table(NULL)
#1 E:\xampp\htdocs\koperasi\system\Model.php(1714): CodeIgniter\Model->builder()
#2 E:\xampp\htdocs\koperasi\app\Controllers\Home.php(118): CodeIgniter\Model->__call('join', Array)
#3 E:\xampp\htdocs\koperasi\system\CodeIgniter.php(914): App\Controllers\Home->anggota()
#4 E:\xampp\htdocs\koperasi\system\CodeIgniter.php(400): CodeIgniter\CodeIgniter->runController(Object(App\Controllers\Home))
#5 E:\xampp\htdocs\koperasi\system\CodeIgniter.php(308): CodeIgniter\CodeIgniter->handleRequest(NULL, Object(Config\Cache), false)
#6 E:\xampp\htdocs\koperasi\public\index.php(45): CodeIgniter\CodeIgniter->run()
#7 E:\xampp\htdocs\koperasi\system\Commands\Server\rewrite.php(34): require_once('E:\\xampp\\htdocs...')
#8 {main}
CRITICAL - 2023-10-03 09:38:58 --> print_r() expects parameter 2 to be bool, array given
#0 [internal function]: CodeIgniter\Debug\Exceptions->errorHandler(2, 'print_r() expec...', 'E:\\xampp\\htdocs...', 170, Array)
#1 E:\xampp\htdocs\koperasi\app\Controllers\Home.php(170): print_r(Array, Array)
#2 E:\xampp\htdocs\koperasi\system\CodeIgniter.php(914): App\Controllers\Home->aksi_tambahanggota()
#3 E:\xampp\htdocs\koperasi\system\CodeIgniter.php(400): CodeIgniter\CodeIgniter->runController(Object(App\Controllers\Home))
#4 E:\xampp\htdocs\koperasi\system\CodeIgniter.php(308): CodeIgniter\CodeIgniter->handleRequest(NULL, Object(Config\Cache), false)
#5 E:\xampp\htdocs\koperasi\public\index.php(45): CodeIgniter\CodeIgniter->run()
#6 E:\xampp\htdocs\koperasi\system\Commands\Server\rewrite.php(34): require_once('E:\\xampp\\htdocs...')
#7 {main}
CRITICAL - 2023-10-03 09:54:21 --> Invalid file: tambah_anggota, $data.php
#0 E:\xampp\htdocs\koperasi\system\View\View.php(228): CodeIgniter\Exceptions\FrameworkException::forInvalidFile('tambah_anggota,...')
#1 E:\xampp\htdocs\koperasi\system\Common.php(1087): CodeIgniter\View\View->render('tambah_anggota,...', Array, true)
#2 E:\xampp\htdocs\koperasi\app\Controllers\Home.php(131): view('tambah_anggota,...')
#3 E:\xampp\htdocs\koperasi\system\CodeIgniter.php(914): App\Controllers\Home->register()
#4 E:\xampp\htdocs\koperasi\system\CodeIgniter.php(400): CodeIgniter\CodeIgniter->runController(Object(App\Controllers\Home))
#5 E:\xampp\htdocs\koperasi\system\CodeIgniter.php(308): CodeIgniter\CodeIgniter->handleRequest(NULL, Object(Config\Cache), false)
#6 E:\xampp\htdocs\koperasi\public\index.php(45): CodeIgniter\CodeIgniter->run()
#7 E:\xampp\htdocs\koperasi\system\Commands\Server\rewrite.php(34): require_once('E:\\xampp\\htdocs...')
#8 {main}
CRITICAL - 2023-10-03 10:50:30 --> syntax error, unexpected '$model' (T_VARIABLE)
#0 E:\xampp\htdocs\koperasi\system\Router\Router.php(192): CodeIgniter\Router\Router->autoRoute('home/register')
#1 E:\xampp\htdocs\koperasi\system\CodeIgniter.php(789): CodeIgniter\Router\Router->handle('home/register')
#2 E:\xampp\htdocs\koperasi\system\CodeIgniter.php(360): CodeIgniter\CodeIgniter->tryToRouteIt(Object(CodeIgniter\Router\RouteCollection))
#3 E:\xampp\htdocs\koperasi\system\CodeIgniter.php(308): CodeIgniter\CodeIgniter->handleRequest(NULL, Object(Config\Cache), false)
#4 E:\xampp\htdocs\koperasi\public\index.php(45): CodeIgniter\CodeIgniter->run()
#5 E:\xampp\htdocs\koperasi\system\Commands\Server\rewrite.php(34): require_once('E:\\xampp\\htdocs...')
#6 {main}
CRITICAL - 2023-10-03 10:50:31 --> syntax error, unexpected '$model' (T_VARIABLE)
#0 E:\xampp\htdocs\koperasi\system\Router\Router.php(192): CodeIgniter\Router\Router->autoRoute('home/login')
#1 E:\xampp\htdocs\koperasi\system\CodeIgniter.php(789): CodeIgniter\Router\Router->handle('home/login')
#2 E:\xampp\htdocs\koperasi\system\CodeIgniter.php(360): CodeIgniter\CodeIgniter->tryToRouteIt(Object(CodeIgniter\Router\RouteCollection))
#3 E:\xampp\htdocs\koperasi\system\CodeIgniter.php(308): CodeIgniter\CodeIgniter->handleRequest(NULL, Object(Config\Cache), false)
#4 E:\xampp\htdocs\koperasi\public\index.php(45): CodeIgniter\CodeIgniter->run()
#5 E:\xampp\htdocs\koperasi\system\Commands\Server\rewrite.php(34): require_once('E:\\xampp\\htdocs...')
#6 {main}
CRITICAL - 2023-10-03 10:50:44 --> print_r() expects parameter 2 to be bool, array given
#0 [internal function]: CodeIgniter\Debug\Exceptions->errorHandler(2, 'print_r() expec...', 'E:\\xampp\\htdocs...', 174, Array)
#1 E:\xampp\htdocs\koperasi\app\Controllers\Home.php(174): print_r(Array, Array)
#2 E:\xampp\htdocs\koperasi\system\CodeIgniter.php(914): App\Controllers\Home->aksi_tambahanggota()
#3 E:\xampp\htdocs\koperasi\system\CodeIgniter.php(400): CodeIgniter\CodeIgniter->runController(Object(App\Controllers\Home))
#4 E:\xampp\htdocs\koperasi\system\CodeIgniter.php(308): CodeIgniter\CodeIgniter->handleRequest(NULL, Object(Config\Cache), false)
#5 E:\xampp\htdocs\koperasi\public\index.php(45): CodeIgniter\CodeIgniter->run()
#6 E:\xampp\htdocs\koperasi\system\Commands\Server\rewrite.php(34): require_once('E:\\xampp\\htdocs...')
#7 {main}
CRITICAL - 2023-10-03 10:51:40 --> print_r() expects parameter 2 to be bool, array given
#0 [internal function]: CodeIgniter\Debug\Exceptions->errorHandler(2, 'print_r() expec...', 'E:\\xampp\\htdocs...', 174, Array)
#1 E:\xampp\htdocs\koperasi\app\Controllers\Home.php(174): print_r(Array, Array)
#2 E:\xampp\htdocs\koperasi\system\CodeIgniter.php(914): App\Controllers\Home->aksi_tambahanggota()
#3 E:\xampp\htdocs\koperasi\system\CodeIgniter.php(400): CodeIgniter\CodeIgniter->runController(Object(App\Controllers\Home))
#4 E:\xampp\htdocs\koperasi\system\CodeIgniter.php(308): CodeIgniter\CodeIgniter->handleRequest(NULL, Object(Config\Cache), false)
#5 E:\xampp\htdocs\koperasi\public\index.php(45): CodeIgniter\CodeIgniter->run()
#6 E:\xampp\htdocs\koperasi\system\Commands\Server\rewrite.php(34): require_once('E:\\xampp\\htdocs...')
#7 {main}
CRITICAL - 2023-10-03 10:52:26 --> print_r() expects parameter 2 to be bool, array given
#0 [internal function]: CodeIgniter\Debug\Exceptions->errorHandler(2, 'print_r() expec...', 'E:\\xampp\\htdocs...', 174, Array)
#1 E:\xampp\htdocs\koperasi\app\Controllers\Home.php(174): print_r(Array, Array)
#2 E:\xampp\htdocs\koperasi\system\CodeIgniter.php(914): App\Controllers\Home->aksi_tambahanggota()
#3 E:\xampp\htdocs\koperasi\system\CodeIgniter.php(400): CodeIgniter\CodeIgniter->runController(Object(App\Controllers\Home))
#4 E:\xampp\htdocs\koperasi\system\CodeIgniter.php(308): CodeIgniter\CodeIgniter->handleRequest(NULL, Object(Config\Cache), false)
#5 E:\xampp\htdocs\koperasi\public\index.php(45): CodeIgniter\CodeIgniter->run()
#6 E:\xampp\htdocs\koperasi\system\Commands\Server\rewrite.php(34): require_once('E:\\xampp\\htdocs...')
#7 {main}
CRITICAL - 2023-10-03 20:20:04 --> You must set the database table to be used with your query.
#0 E:\xampp\htdocs\koperasi\system\Model.php(1206): CodeIgniter\Database\BaseConnection->table(NULL)
#1 E:\xampp\htdocs\koperasi\system\Model.php(1714): CodeIgniter\Model->builder()
#2 E:\xampp\htdocs\koperasi\app\Controllers\Home.php(83): CodeIgniter\Model->__call('getarray', Array)
#3 E:\xampp\htdocs\koperasi\system\CodeIgniter.php(914): App\Controllers\Home->aksi_login()
#4 E:\xampp\htdocs\koperasi\system\CodeIgniter.php(400): CodeIgniter\CodeIgniter->runController(Object(App\Controllers\Home))
#5 E:\xampp\htdocs\koperasi\system\CodeIgniter.php(308): CodeIgniter\CodeIgniter->handleRequest(NULL, Object(Config\Cache), false)
#6 E:\xampp\htdocs\koperasi\public\index.php(45): CodeIgniter\CodeIgniter->run()
#7 E:\xampp\htdocs\koperasi\system\Commands\Server\rewrite.php(34): require_once('E:\\xampp\\htdocs...')
#8 {main}
CRITICAL - 2023-10-03 20:20:53 --> You must set the database table to be used with your query.
#0 E:\xampp\htdocs\koperasi\system\Model.php(1206): CodeIgniter\Database\BaseConnection->table(NULL)
#1 E:\xampp\htdocs\koperasi\system\Model.php(1714): CodeIgniter\Model->builder()
#2 E:\xampp\htdocs\koperasi\app\Controllers\Home.php(83): CodeIgniter\Model->__call('getarray', Array)
#3 E:\xampp\htdocs\koperasi\system\CodeIgniter.php(914): App\Controllers\Home->aksi_login()
#4 E:\xampp\htdocs\koperasi\system\CodeIgniter.php(400): CodeIgniter\CodeIgniter->runController(Object(App\Controllers\Home))
#5 E:\xampp\htdocs\koperasi\system\CodeIgniter.php(308): CodeIgniter\CodeIgniter->handleRequest(NULL, Object(Config\Cache), false)
#6 E:\xampp\htdocs\koperasi\public\index.php(45): CodeIgniter\CodeIgniter->run()
#7 E:\xampp\htdocs\koperasi\system\Commands\Server\rewrite.php(34): require_once('E:\\xampp\\htdocs...')
#8 {main}
CRITICAL - 2023-10-03 20:25:37 --> You must set the database table to be used with your query.
#0 E:\xampp\htdocs\koperasi\system\Model.php(1206): CodeIgniter\Database\BaseConnection->table(NULL)
#1 E:\xampp\htdocs\koperasi\system\Model.php(1714): CodeIgniter\Model->builder()
#2 E:\xampp\htdocs\koperasi\app\Controllers\Home.php(100): CodeIgniter\Model->__call('getarray', Array)
#3 E:\xampp\htdocs\koperasi\system\CodeIgniter.php(914): App\Controllers\Home->aksi_login()
#4 E:\xampp\htdocs\koperasi\system\CodeIgniter.php(400): CodeIgniter\CodeIgniter->runController(Object(App\Controllers\Home))
#5 E:\xampp\htdocs\koperasi\system\CodeIgniter.php(308): CodeIgniter\CodeIgniter->handleRequest(NULL, Object(Config\Cache), false)
#6 E:\xampp\htdocs\koperasi\public\index.php(45): CodeIgniter\CodeIgniter->run()
#7 E:\xampp\htdocs\koperasi\system\Commands\Server\rewrite.php(34): require_once('E:\\xampp\\htdocs...')
#8 {main}
CRITICAL - 2023-10-03 21:02:07 --> Invalid argument supplied for foreach()
#0 E:\xampp\htdocs\koperasi\app\Views\petugas.php(90): CodeIgniter\Debug\Exceptions->errorHandler(2, 'Invalid argumen...', 'E:\\xampp\\htdocs...', 90, Array)
#1 E:\xampp\htdocs\koperasi\system\View\View.php(246): include('E:\\xampp\\htdocs...')
#2 E:\xampp\htdocs\koperasi\system\Common.php(1087): CodeIgniter\View\View->render('petugas', Array, true)
#3 E:\xampp\htdocs\koperasi\app\Controllers\Home.php(260): view('petugas', Array)
#4 E:\xampp\htdocs\koperasi\system\CodeIgniter.php(914): App\Controllers\Home->petugas()
#5 E:\xampp\htdocs\koperasi\system\CodeIgniter.php(400): CodeIgniter\CodeIgniter->runController(Object(App\Controllers\Home))
#6 E:\xampp\htdocs\koperasi\system\CodeIgniter.php(308): CodeIgniter\CodeIgniter->handleRequest(NULL, Object(Config\Cache), false)
#7 E:\xampp\htdocs\koperasi\public\index.php(45): CodeIgniter\CodeIgniter->run()
#8 E:\xampp\htdocs\koperasi\system\Commands\Server\rewrite.php(34): require_once('E:\\xampp\\htdocs...')
#9 {main}
CRITICAL - 2023-10-03 21:11:49 --> Invalid file: tambahpetugas.php
#0 E:\xampp\htdocs\koperasi\system\View\View.php(228): CodeIgniter\Exceptions\FrameworkException::forInvalidFile('tambahpetugas.p...')
#1 E:\xampp\htdocs\koperasi\system\Common.php(1087): CodeIgniter\View\View->render('tambahpetugas', Array, true)
#2 E:\xampp\htdocs\koperasi\app\Controllers\Home.php(271): view('tambahpetugas', Array)
#3 E:\xampp\htdocs\koperasi\system\CodeIgniter.php(914): App\Controllers\Home->tambahpetugas()
#4 E:\xampp\htdocs\koperasi\system\CodeIgniter.php(400): CodeIgniter\CodeIgniter->runController(Object(App\Controllers\Home))
#5 E:\xampp\htdocs\koperasi\system\CodeIgniter.php(308): CodeIgniter\CodeIgniter->handleRequest(NULL, Object(Config\Cache), false)
#6 E:\xampp\htdocs\koperasi\public\index.php(45): CodeIgniter\CodeIgniter->run()
#7 E:\xampp\htdocs\koperasi\system\Commands\Server\rewrite.php(34): require_once('E:\\xampp\\htdocs...')
#8 {main}
CRITICAL - 2023-10-03 21:41:16 --> Call to undefined method CodeIgniter\Session\Session::flash()
#0 E:\xampp\htdocs\koperasi\system\CodeIgniter.php(914): App\Controllers\Home->aksi_login()
#1 E:\xampp\htdocs\koperasi\system\CodeIgniter.php(400): CodeIgniter\CodeIgniter->runController(Object(App\Controllers\Home))
#2 E:\xampp\htdocs\koperasi\system\CodeIgniter.php(308): CodeIgniter\CodeIgniter->handleRequest(NULL, Object(Config\Cache), false)
#3 E:\xampp\htdocs\koperasi\public\index.php(45): CodeIgniter\CodeIgniter->run()
#4 E:\xampp\htdocs\koperasi\system\Commands\Server\rewrite.php(34): require_once('E:\\xampp\\htdocs...')
#5 {main}
