CRITICAL - 2023-10-04 01:37:00 --> Too few arguments to function App\Controllers\Home::hapusanggota(), 0 passed in E:\xampp\htdocs\koperasi\system\CodeIgniter.php on line 914 and exactly 1 expected
#0 E:\xampp\htdocs\koperasi\system\CodeIgniter.php(914): App\Controllers\Home->hapusanggota()
#1 E:\xampp\htdocs\koperasi\system\CodeIgniter.php(400): CodeIgniter\CodeIgniter->runController(Object(App\Controllers\Home))
#2 E:\xampp\htdocs\koperasi\system\CodeIgniter.php(308): CodeIgniter\CodeIgniter->handleRequest(NULL, Object(Config\Cache), false)
#3 E:\xampp\htdocs\koperasi\public\index.php(45): CodeIgniter\CodeIgniter->run()
#4 E:\xampp\htdocs\koperasi\system\Commands\Server\rewrite.php(34): require_once('E:\\xampp\\htdocs...')
#5 {main}
CRITICAL - 2023-10-04 01:38:44 --> Too few arguments to function App\Controllers\Home::hapuspetugas(), 0 passed in E:\xampp\htdocs\koperasi\system\CodeIgniter.php on line 914 and exactly 1 expected
#0 E:\xampp\htdocs\koperasi\system\CodeIgniter.php(914): App\Controllers\Home->hapuspetugas()
#1 E:\xampp\htdocs\koperasi\system\CodeIgniter.php(400): CodeIgniter\CodeIgniter->runController(Object(App\Controllers\Home))
#2 E:\xampp\htdocs\koperasi\system\CodeIgniter.php(308): CodeIgniter\CodeIgniter->handleRequest(NULL, Object(Config\Cache), false)
#3 E:\xampp\htdocs\koperasi\public\index.php(45): CodeIgniter\CodeIgniter->run()
#4 E:\xampp\htdocs\koperasi\system\Commands\Server\rewrite.php(34): require_once('E:\\xampp\\htdocs...')
#5 {main}
CRITICAL - 2023-10-04 01:39:17 --> Too few arguments to function App\Controllers\Home::hapuspetugas(), 0 passed in E:\xampp\htdocs\koperasi\system\CodeIgniter.php on line 914 and exactly 1 expected
#0 E:\xampp\htdocs\koperasi\system\CodeIgniter.php(914): App\Controllers\Home->hapuspetugas()
#1 E:\xampp\htdocs\koperasi\system\CodeIgniter.php(400): CodeIgniter\CodeIgniter->runController(Object(App\Controllers\Home))
#2 E:\xampp\htdocs\koperasi\system\CodeIgniter.php(308): CodeIgniter\CodeIgniter->handleRequest(NULL, Object(Config\Cache), false)
#3 E:\xampp\htdocs\koperasi\public\index.php(45): CodeIgniter\CodeIgniter->run()
#4 E:\xampp\htdocs\koperasi\system\Commands\Server\rewrite.php(34): require_once('E:\\xampp\\htdocs...')
#5 {main}
CRITICAL - 2023-10-04 09:23:33 --> Call to a member function post() on null
#0 E:\xampp\htdocs\koperasi\system\CodeIgniter.php(914): App\Controllers\Home->changeStatus()
#1 E:\xampp\htdocs\koperasi\system\CodeIgniter.php(400): CodeIgniter\CodeIgniter->runController(Object(App\Controllers\Home))
#2 E:\xampp\htdocs\koperasi\system\CodeIgniter.php(308): CodeIgniter\CodeIgniter->handleRequest(NULL, Object(Config\Cache), false)
#3 E:\xampp\htdocs\koperasi\public\index.php(45): CodeIgniter\CodeIgniter->run()
#4 E:\xampp\htdocs\koperasi\system\Commands\Server\rewrite.php(34): require_once('E:\\xampp\\htdocs...')
#5 {main}
CRITICAL - 2023-10-04 09:23:34 --> Call to a member function post() on null
#0 E:\xampp\htdocs\koperasi\system\CodeIgniter.php(914): App\Controllers\Home->changeStatus()
#1 E:\xampp\htdocs\koperasi\system\CodeIgniter.php(400): CodeIgniter\CodeIgniter->runController(Object(App\Controllers\Home))
#2 E:\xampp\htdocs\koperasi\system\CodeIgniter.php(308): CodeIgniter\CodeIgniter->handleRequest(NULL, Object(Config\Cache), false)
#3 E:\xampp\htdocs\koperasi\public\index.php(45): CodeIgniter\CodeIgniter->run()
#4 E:\xampp\htdocs\koperasi\system\Commands\Server\rewrite.php(34): require_once('E:\\xampp\\htdocs...')
#5 {main}
CRITICAL - 2023-10-04 09:23:35 --> Call to a member function post() on null
#0 E:\xampp\htdocs\koperasi\system\CodeIgniter.php(914): App\Controllers\Home->changeStatus()
#1 E:\xampp\htdocs\koperasi\system\CodeIgniter.php(400): CodeIgniter\CodeIgniter->runController(Object(App\Controllers\Home))
#2 E:\xampp\htdocs\koperasi\system\CodeIgniter.php(308): CodeIgniter\CodeIgniter->handleRequest(NULL, Object(Config\Cache), false)
#3 E:\xampp\htdocs\koperasi\public\index.php(45): CodeIgniter\CodeIgniter->run()
#4 E:\xampp\htdocs\koperasi\system\Commands\Server\rewrite.php(34): require_once('E:\\xampp\\htdocs...')
#5 {main}
CRITICAL - 2023-10-04 09:23:39 --> Call to a member function post() on null
#0 E:\xampp\htdocs\koperasi\system\CodeIgniter.php(914): App\Controllers\Home->changeStatus()
#1 E:\xampp\htdocs\koperasi\system\CodeIgniter.php(400): CodeIgniter\CodeIgniter->runController(Object(App\Controllers\Home))
#2 E:\xampp\htdocs\koperasi\system\CodeIgniter.php(308): CodeIgniter\CodeIgniter->handleRequest(NULL, Object(Config\Cache), false)
#3 E:\xampp\htdocs\koperasi\public\index.php(45): CodeIgniter\CodeIgniter->run()
#4 E:\xampp\htdocs\koperasi\system\Commands\Server\rewrite.php(34): require_once('E:\\xampp\\htdocs...')
#5 {main}
CRITICAL - 2023-10-04 09:23:40 --> Call to a member function post() on null
#0 E:\xampp\htdocs\koperasi\system\CodeIgniter.php(914): App\Controllers\Home->changeStatus()
#1 E:\xampp\htdocs\koperasi\system\CodeIgniter.php(400): CodeIgniter\CodeIgniter->runController(Object(App\Controllers\Home))
#2 E:\xampp\htdocs\koperasi\system\CodeIgniter.php(308): CodeIgniter\CodeIgniter->handleRequest(NULL, Object(Config\Cache), false)
#3 E:\xampp\htdocs\koperasi\public\index.php(45): CodeIgniter\CodeIgniter->run()
#4 E:\xampp\htdocs\koperasi\system\Commands\Server\rewrite.php(34): require_once('E:\\xampp\\htdocs...')
#5 {main}
CRITICAL - 2023-10-04 09:26:40 --> Call to a member function post() on null
#0 E:\xampp\htdocs\koperasi\system\CodeIgniter.php(914): App\Controllers\Home->changeStatus()
#1 E:\xampp\htdocs\koperasi\system\CodeIgniter.php(400): CodeIgniter\CodeIgniter->runController(Object(App\Controllers\Home))
#2 E:\xampp\htdocs\koperasi\system\CodeIgniter.php(308): CodeIgniter\CodeIgniter->handleRequest(NULL, Object(Config\Cache), false)
#3 E:\xampp\htdocs\koperasi\public\index.php(45): CodeIgniter\CodeIgniter->run()
#4 E:\xampp\htdocs\koperasi\system\Commands\Server\rewrite.php(34): require_once('E:\\xampp\\htdocs...')
#5 {main}
CRITICAL - 2023-10-04 09:26:40 --> Call to a member function post() on null
#0 E:\xampp\htdocs\koperasi\system\CodeIgniter.php(914): App\Controllers\Home->changeStatus()
#1 E:\xampp\htdocs\koperasi\system\CodeIgniter.php(400): CodeIgniter\CodeIgniter->runController(Object(App\Controllers\Home))
#2 E:\xampp\htdocs\koperasi\system\CodeIgniter.php(308): CodeIgniter\CodeIgniter->handleRequest(NULL, Object(Config\Cache), false)
#3 E:\xampp\htdocs\koperasi\public\index.php(45): CodeIgniter\CodeIgniter->run()
#4 E:\xampp\htdocs\koperasi\system\Commands\Server\rewrite.php(34): require_once('E:\\xampp\\htdocs...')
#5 {main}
CRITICAL - 2023-10-04 09:26:49 --> Call to a member function post() on null
#0 E:\xampp\htdocs\koperasi\system\CodeIgniter.php(914): App\Controllers\Home->changeStatus()
#1 E:\xampp\htdocs\koperasi\system\CodeIgniter.php(400): CodeIgniter\CodeIgniter->runController(Object(App\Controllers\Home))
#2 E:\xampp\htdocs\koperasi\system\CodeIgniter.php(308): CodeIgniter\CodeIgniter->handleRequest(NULL, Object(Config\Cache), false)
#3 E:\xampp\htdocs\koperasi\public\index.php(45): CodeIgniter\CodeIgniter->run()
#4 E:\xampp\htdocs\koperasi\system\Commands\Server\rewrite.php(34): require_once('E:\\xampp\\htdocs...')
#5 {main}
CRITICAL - 2023-10-04 09:29:00 --> Call to a member function post() on null
#0 E:\xampp\htdocs\koperasi\system\CodeIgniter.php(914): App\Controllers\Home->changeStatus()
#1 E:\xampp\htdocs\koperasi\system\CodeIgniter.php(400): CodeIgniter\CodeIgniter->runController(Object(App\Controllers\Home))
#2 E:\xampp\htdocs\koperasi\system\CodeIgniter.php(308): CodeIgniter\CodeIgniter->handleRequest(NULL, Object(Config\Cache), false)
#3 E:\xampp\htdocs\koperasi\public\index.php(45): CodeIgniter\CodeIgniter->run()
#4 E:\xampp\htdocs\koperasi\system\Commands\Server\rewrite.php(34): require_once('E:\\xampp\\htdocs...')
#5 {main}
CRITICAL - 2023-10-04 09:29:00 --> Call to a member function post() on null
#0 E:\xampp\htdocs\koperasi\system\CodeIgniter.php(914): App\Controllers\Home->changeStatus()
#1 E:\xampp\htdocs\koperasi\system\CodeIgniter.php(400): CodeIgniter\CodeIgniter->runController(Object(App\Controllers\Home))
#2 E:\xampp\htdocs\koperasi\system\CodeIgniter.php(308): CodeIgniter\CodeIgniter->handleRequest(NULL, Object(Config\Cache), false)
#3 E:\xampp\htdocs\koperasi\public\index.php(45): CodeIgniter\CodeIgniter->run()
#4 E:\xampp\htdocs\koperasi\system\Commands\Server\rewrite.php(34): require_once('E:\\xampp\\htdocs...')
#5 {main}
CRITICAL - 2023-10-04 09:29:05 --> Call to a member function post() on null
#0 E:\xampp\htdocs\koperasi\system\CodeIgniter.php(914): App\Controllers\Home->changeStatus()
#1 E:\xampp\htdocs\koperasi\system\CodeIgniter.php(400): CodeIgniter\CodeIgniter->runController(Object(App\Controllers\Home))
#2 E:\xampp\htdocs\koperasi\system\CodeIgniter.php(308): CodeIgniter\CodeIgniter->handleRequest(NULL, Object(Config\Cache), false)
#3 E:\xampp\htdocs\koperasi\public\index.php(45): CodeIgniter\CodeIgniter->run()
#4 E:\xampp\htdocs\koperasi\system\Commands\Server\rewrite.php(34): require_once('E:\\xampp\\htdocs...')
#5 {main}
CRITICAL - 2023-10-04 09:30:07 --> Call to a member function post() on null
#0 E:\xampp\htdocs\koperasi\system\CodeIgniter.php(914): App\Controllers\Home->changeStatus()
#1 E:\xampp\htdocs\koperasi\system\CodeIgniter.php(400): CodeIgniter\CodeIgniter->runController(Object(App\Controllers\Home))
#2 E:\xampp\htdocs\koperasi\system\CodeIgniter.php(308): CodeIgniter\CodeIgniter->handleRequest(NULL, Object(Config\Cache), false)
#3 E:\xampp\htdocs\koperasi\public\index.php(45): CodeIgniter\CodeIgniter->run()
#4 E:\xampp\htdocs\koperasi\system\Commands\Server\rewrite.php(34): require_once('E:\\xampp\\htdocs...')
#5 {main}
CRITICAL - 2023-10-04 09:30:08 --> Call to a member function post() on null
#0 E:\xampp\htdocs\koperasi\system\CodeIgniter.php(914): App\Controllers\Home->changeStatus()
#1 E:\xampp\htdocs\koperasi\system\CodeIgniter.php(400): CodeIgniter\CodeIgniter->runController(Object(App\Controllers\Home))
#2 E:\xampp\htdocs\koperasi\system\CodeIgniter.php(308): CodeIgniter\CodeIgniter->handleRequest(NULL, Object(Config\Cache), false)
#3 E:\xampp\htdocs\koperasi\public\index.php(45): CodeIgniter\CodeIgniter->run()
#4 E:\xampp\htdocs\koperasi\system\Commands\Server\rewrite.php(34): require_once('E:\\xampp\\htdocs...')
#5 {main}
CRITICAL - 2023-10-04 09:30:12 --> Call to a member function post() on null
#0 E:\xampp\htdocs\koperasi\system\CodeIgniter.php(914): App\Controllers\Home->changeStatus()
#1 E:\xampp\htdocs\koperasi\system\CodeIgniter.php(400): CodeIgniter\CodeIgniter->runController(Object(App\Controllers\Home))
#2 E:\xampp\htdocs\koperasi\system\CodeIgniter.php(308): CodeIgniter\CodeIgniter->handleRequest(NULL, Object(Config\Cache), false)
#3 E:\xampp\htdocs\koperasi\public\index.php(45): CodeIgniter\CodeIgniter->run()
#4 E:\xampp\htdocs\koperasi\system\Commands\Server\rewrite.php(34): require_once('E:\\xampp\\htdocs...')
#5 {main}
CRITICAL - 2023-10-04 09:30:13 --> Call to a member function post() on null
#0 E:\xampp\htdocs\koperasi\system\CodeIgniter.php(914): App\Controllers\Home->changeStatus()
#1 E:\xampp\htdocs\koperasi\system\CodeIgniter.php(400): CodeIgniter\CodeIgniter->runController(Object(App\Controllers\Home))
#2 E:\xampp\htdocs\koperasi\system\CodeIgniter.php(308): CodeIgniter\CodeIgniter->handleRequest(NULL, Object(Config\Cache), false)
#3 E:\xampp\htdocs\koperasi\public\index.php(45): CodeIgniter\CodeIgniter->run()
#4 E:\xampp\htdocs\koperasi\system\Commands\Server\rewrite.php(34): require_once('E:\\xampp\\htdocs...')
#5 {main}
CRITICAL - 2023-10-04 09:30:14 --> Call to a member function post() on null
#0 E:\xampp\htdocs\koperasi\system\CodeIgniter.php(914): App\Controllers\Home->changeStatus()
#1 E:\xampp\htdocs\koperasi\system\CodeIgniter.php(400): CodeIgniter\CodeIgniter->runController(Object(App\Controllers\Home))
#2 E:\xampp\htdocs\koperasi\system\CodeIgniter.php(308): CodeIgniter\CodeIgniter->handleRequest(NULL, Object(Config\Cache), false)
#3 E:\xampp\htdocs\koperasi\public\index.php(45): CodeIgniter\CodeIgniter->run()
#4 E:\xampp\htdocs\koperasi\system\Commands\Server\rewrite.php(34): require_once('E:\\xampp\\htdocs...')
#5 {main}
CRITICAL - 2023-10-04 09:30:15 --> Call to a member function post() on null
#0 E:\xampp\htdocs\koperasi\system\CodeIgniter.php(914): App\Controllers\Home->changeStatus()
#1 E:\xampp\htdocs\koperasi\system\CodeIgniter.php(400): CodeIgniter\CodeIgniter->runController(Object(App\Controllers\Home))
#2 E:\xampp\htdocs\koperasi\system\CodeIgniter.php(308): CodeIgniter\CodeIgniter->handleRequest(NULL, Object(Config\Cache), false)
#3 E:\xampp\htdocs\koperasi\public\index.php(45): CodeIgniter\CodeIgniter->run()
#4 E:\xampp\htdocs\koperasi\system\Commands\Server\rewrite.php(34): require_once('E:\\xampp\\htdocs...')
#5 {main}
CRITICAL - 2023-10-04 09:30:57 --> Call to a member function post() on null
#0 E:\xampp\htdocs\koperasi\system\CodeIgniter.php(914): App\Controllers\Home->changeStatus()
#1 E:\xampp\htdocs\koperasi\system\CodeIgniter.php(400): CodeIgniter\CodeIgniter->runController(Object(App\Controllers\Home))
#2 E:\xampp\htdocs\koperasi\system\CodeIgniter.php(308): CodeIgniter\CodeIgniter->handleRequest(NULL, Object(Config\Cache), false)
#3 E:\xampp\htdocs\koperasi\public\index.php(45): CodeIgniter\CodeIgniter->run()
#4 E:\xampp\htdocs\koperasi\system\Commands\Server\rewrite.php(34): require_once('E:\\xampp\\htdocs...')
#5 {main}
CRITICAL - 2023-10-04 09:30:59 --> Call to a member function post() on null
#0 E:\xampp\htdocs\koperasi\system\CodeIgniter.php(914): App\Controllers\Home->changeStatus()
#1 E:\xampp\htdocs\koperasi\system\CodeIgniter.php(400): CodeIgniter\CodeIgniter->runController(Object(App\Controllers\Home))
#2 E:\xampp\htdocs\koperasi\system\CodeIgniter.php(308): CodeIgniter\CodeIgniter->handleRequest(NULL, Object(Config\Cache), false)
#3 E:\xampp\htdocs\koperasi\public\index.php(45): CodeIgniter\CodeIgniter->run()
#4 E:\xampp\htdocs\koperasi\system\Commands\Server\rewrite.php(34): require_once('E:\\xampp\\htdocs...')
#5 {main}
CRITICAL - 2023-10-04 09:31:30 --> Call to a member function post() on null
#0 E:\xampp\htdocs\koperasi\system\CodeIgniter.php(914): App\Controllers\Home->changeStatus()
#1 E:\xampp\htdocs\koperasi\system\CodeIgniter.php(400): CodeIgniter\CodeIgniter->runController(Object(App\Controllers\Home))
#2 E:\xampp\htdocs\koperasi\system\CodeIgniter.php(308): CodeIgniter\CodeIgniter->handleRequest(NULL, Object(Config\Cache), false)
#3 E:\xampp\htdocs\koperasi\public\index.php(45): CodeIgniter\CodeIgniter->run()
#4 E:\xampp\htdocs\koperasi\system\Commands\Server\rewrite.php(34): require_once('E:\\xampp\\htdocs...')
#5 {main}
CRITICAL - 2023-10-04 09:31:32 --> Call to a member function post() on null
#0 E:\xampp\htdocs\koperasi\system\CodeIgniter.php(914): App\Controllers\Home->changeStatus()
#1 E:\xampp\htdocs\koperasi\system\CodeIgniter.php(400): CodeIgniter\CodeIgniter->runController(Object(App\Controllers\Home))
#2 E:\xampp\htdocs\koperasi\system\CodeIgniter.php(308): CodeIgniter\CodeIgniter->handleRequest(NULL, Object(Config\Cache), false)
#3 E:\xampp\htdocs\koperasi\public\index.php(45): CodeIgniter\CodeIgniter->run()
#4 E:\xampp\htdocs\koperasi\system\Commands\Server\rewrite.php(34): require_once('E:\\xampp\\htdocs...')
#5 {main}
CRITICAL - 2023-10-04 09:32:28 --> Call to a member function post() on null
#0 E:\xampp\htdocs\koperasi\system\CodeIgniter.php(914): App\Controllers\Home->changeStatus()
#1 E:\xampp\htdocs\koperasi\system\CodeIgniter.php(400): CodeIgniter\CodeIgniter->runController(Object(App\Controllers\Home))
#2 E:\xampp\htdocs\koperasi\system\CodeIgniter.php(308): CodeIgniter\CodeIgniter->handleRequest(NULL, Object(Config\Cache), false)
#3 E:\xampp\htdocs\koperasi\public\index.php(45): CodeIgniter\CodeIgniter->run()
#4 E:\xampp\htdocs\koperasi\system\Commands\Server\rewrite.php(34): require_once('E:\\xampp\\htdocs...')
#5 {main}
CRITICAL - 2023-10-04 09:32:29 --> Call to a member function post() on null
#0 E:\xampp\htdocs\koperasi\system\CodeIgniter.php(914): App\Controllers\Home->changeStatus()
#1 E:\xampp\htdocs\koperasi\system\CodeIgniter.php(400): CodeIgniter\CodeIgniter->runController(Object(App\Controllers\Home))
#2 E:\xampp\htdocs\koperasi\system\CodeIgniter.php(308): CodeIgniter\CodeIgniter->handleRequest(NULL, Object(Config\Cache), false)
#3 E:\xampp\htdocs\koperasi\public\index.php(45): CodeIgniter\CodeIgniter->run()
#4 E:\xampp\htdocs\koperasi\system\Commands\Server\rewrite.php(34): require_once('E:\\xampp\\htdocs...')
#5 {main}
CRITICAL - 2023-10-04 09:32:31 --> Call to a member function post() on null
#0 E:\xampp\htdocs\koperasi\system\CodeIgniter.php(914): App\Controllers\Home->changeStatus()
#1 E:\xampp\htdocs\koperasi\system\CodeIgniter.php(400): CodeIgniter\CodeIgniter->runController(Object(App\Controllers\Home))
#2 E:\xampp\htdocs\koperasi\system\CodeIgniter.php(308): CodeIgniter\CodeIgniter->handleRequest(NULL, Object(Config\Cache), false)
#3 E:\xampp\htdocs\koperasi\public\index.php(45): CodeIgniter\CodeIgniter->run()
#4 E:\xampp\htdocs\koperasi\system\Commands\Server\rewrite.php(34): require_once('E:\\xampp\\htdocs...')
#5 {main}
CRITICAL - 2023-10-04 09:32:31 --> Call to a member function post() on null
#0 E:\xampp\htdocs\koperasi\system\CodeIgniter.php(914): App\Controllers\Home->changeStatus()
#1 E:\xampp\htdocs\koperasi\system\CodeIgniter.php(400): CodeIgniter\CodeIgniter->runController(Object(App\Controllers\Home))
#2 E:\xampp\htdocs\koperasi\system\CodeIgniter.php(308): CodeIgniter\CodeIgniter->handleRequest(NULL, Object(Config\Cache), false)
#3 E:\xampp\htdocs\koperasi\public\index.php(45): CodeIgniter\CodeIgniter->run()
#4 E:\xampp\htdocs\koperasi\system\Commands\Server\rewrite.php(34): require_once('E:\\xampp\\htdocs...')
#5 {main}
CRITICAL - 2023-10-04 09:32:31 --> Call to a member function post() on null
#0 E:\xampp\htdocs\koperasi\system\CodeIgniter.php(914): App\Controllers\Home->changeStatus()
#1 E:\xampp\htdocs\koperasi\system\CodeIgniter.php(400): CodeIgniter\CodeIgniter->runController(Object(App\Controllers\Home))
#2 E:\xampp\htdocs\koperasi\system\CodeIgniter.php(308): CodeIgniter\CodeIgniter->handleRequest(NULL, Object(Config\Cache), false)
#3 E:\xampp\htdocs\koperasi\public\index.php(45): CodeIgniter\CodeIgniter->run()
#4 E:\xampp\htdocs\koperasi\system\Commands\Server\rewrite.php(34): require_once('E:\\xampp\\htdocs...')
#5 {main}
CRITICAL - 2023-10-04 09:32:31 --> Call to a member function post() on null
#0 E:\xampp\htdocs\koperasi\system\CodeIgniter.php(914): App\Controllers\Home->changeStatus()
#1 E:\xampp\htdocs\koperasi\system\CodeIgniter.php(400): CodeIgniter\CodeIgniter->runController(Object(App\Controllers\Home))
#2 E:\xampp\htdocs\koperasi\system\CodeIgniter.php(308): CodeIgniter\CodeIgniter->handleRequest(NULL, Object(Config\Cache), false)
#3 E:\xampp\htdocs\koperasi\public\index.php(45): CodeIgniter\CodeIgniter->run()
#4 E:\xampp\htdocs\koperasi\system\Commands\Server\rewrite.php(34): require_once('E:\\xampp\\htdocs...')
#5 {main}
CRITICAL - 2023-10-04 09:32:32 --> Call to a member function post() on null
#0 E:\xampp\htdocs\koperasi\system\CodeIgniter.php(914): App\Controllers\Home->changeStatus()
#1 E:\xampp\htdocs\koperasi\system\CodeIgniter.php(400): CodeIgniter\CodeIgniter->runController(Object(App\Controllers\Home))
#2 E:\xampp\htdocs\koperasi\system\CodeIgniter.php(308): CodeIgniter\CodeIgniter->handleRequest(NULL, Object(Config\Cache), false)
#3 E:\xampp\htdocs\koperasi\public\index.php(45): CodeIgniter\CodeIgniter->run()
#4 E:\xampp\htdocs\koperasi\system\Commands\Server\rewrite.php(34): require_once('E:\\xampp\\htdocs...')
#5 {main}
CRITICAL - 2023-10-04 09:32:32 --> Call to a member function post() on null
#0 E:\xampp\htdocs\koperasi\system\CodeIgniter.php(914): App\Controllers\Home->changeStatus()
#1 E:\xampp\htdocs\koperasi\system\CodeIgniter.php(400): CodeIgniter\CodeIgniter->runController(Object(App\Controllers\Home))
#2 E:\xampp\htdocs\koperasi\system\CodeIgniter.php(308): CodeIgniter\CodeIgniter->handleRequest(NULL, Object(Config\Cache), false)
#3 E:\xampp\htdocs\koperasi\public\index.php(45): CodeIgniter\CodeIgniter->run()
#4 E:\xampp\htdocs\koperasi\system\Commands\Server\rewrite.php(34): require_once('E:\\xampp\\htdocs...')
#5 {main}
CRITICAL - 2023-10-04 09:32:32 --> Call to a member function post() on null
#0 E:\xampp\htdocs\koperasi\system\CodeIgniter.php(914): App\Controllers\Home->changeStatus()
#1 E:\xampp\htdocs\koperasi\system\CodeIgniter.php(400): CodeIgniter\CodeIgniter->runController(Object(App\Controllers\Home))
#2 E:\xampp\htdocs\koperasi\system\CodeIgniter.php(308): CodeIgniter\CodeIgniter->handleRequest(NULL, Object(Config\Cache), false)
#3 E:\xampp\htdocs\koperasi\public\index.php(45): CodeIgniter\CodeIgniter->run()
#4 E:\xampp\htdocs\koperasi\system\Commands\Server\rewrite.php(34): require_once('E:\\xampp\\htdocs...')
#5 {main}
CRITICAL - 2023-10-04 09:32:32 --> Call to a member function post() on null
#0 E:\xampp\htdocs\koperasi\system\CodeIgniter.php(914): App\Controllers\Home->changeStatus()
#1 E:\xampp\htdocs\koperasi\system\CodeIgniter.php(400): CodeIgniter\CodeIgniter->runController(Object(App\Controllers\Home))
#2 E:\xampp\htdocs\koperasi\system\CodeIgniter.php(308): CodeIgniter\CodeIgniter->handleRequest(NULL, Object(Config\Cache), false)
#3 E:\xampp\htdocs\koperasi\public\index.php(45): CodeIgniter\CodeIgniter->run()
#4 E:\xampp\htdocs\koperasi\system\Commands\Server\rewrite.php(34): require_once('E:\\xampp\\htdocs...')
#5 {main}
CRITICAL - 2023-10-04 09:32:32 --> Call to a member function post() on null
#0 E:\xampp\htdocs\koperasi\system\CodeIgniter.php(914): App\Controllers\Home->changeStatus()
#1 E:\xampp\htdocs\koperasi\system\CodeIgniter.php(400): CodeIgniter\CodeIgniter->runController(Object(App\Controllers\Home))
#2 E:\xampp\htdocs\koperasi\system\CodeIgniter.php(308): CodeIgniter\CodeIgniter->handleRequest(NULL, Object(Config\Cache), false)
#3 E:\xampp\htdocs\koperasi\public\index.php(45): CodeIgniter\CodeIgniter->run()
#4 E:\xampp\htdocs\koperasi\system\Commands\Server\rewrite.php(34): require_once('E:\\xampp\\htdocs...')
#5 {main}
CRITICAL - 2023-10-04 09:32:33 --> Call to a member function post() on null
#0 E:\xampp\htdocs\koperasi\system\CodeIgniter.php(914): App\Controllers\Home->changeStatus()
#1 E:\xampp\htdocs\koperasi\system\CodeIgniter.php(400): CodeIgniter\CodeIgniter->runController(Object(App\Controllers\Home))
#2 E:\xampp\htdocs\koperasi\system\CodeIgniter.php(308): CodeIgniter\CodeIgniter->handleRequest(NULL, Object(Config\Cache), false)
#3 E:\xampp\htdocs\koperasi\public\index.php(45): CodeIgniter\CodeIgniter->run()
#4 E:\xampp\htdocs\koperasi\system\Commands\Server\rewrite.php(34): require_once('E:\\xampp\\htdocs...')
#5 {main}
CRITICAL - 2023-10-04 09:32:33 --> Call to a member function post() on null
#0 E:\xampp\htdocs\koperasi\system\CodeIgniter.php(914): App\Controllers\Home->changeStatus()
#1 E:\xampp\htdocs\koperasi\system\CodeIgniter.php(400): CodeIgniter\CodeIgniter->runController(Object(App\Controllers\Home))
#2 E:\xampp\htdocs\koperasi\system\CodeIgniter.php(308): CodeIgniter\CodeIgniter->handleRequest(NULL, Object(Config\Cache), false)
#3 E:\xampp\htdocs\koperasi\public\index.php(45): CodeIgniter\CodeIgniter->run()
#4 E:\xampp\htdocs\koperasi\system\Commands\Server\rewrite.php(34): require_once('E:\\xampp\\htdocs...')
#5 {main}
CRITICAL - 2023-10-04 09:32:33 --> Call to a member function post() on null
#0 E:\xampp\htdocs\koperasi\system\CodeIgniter.php(914): App\Controllers\Home->changeStatus()
#1 E:\xampp\htdocs\koperasi\system\CodeIgniter.php(400): CodeIgniter\CodeIgniter->runController(Object(App\Controllers\Home))
#2 E:\xampp\htdocs\koperasi\system\CodeIgniter.php(308): CodeIgniter\CodeIgniter->handleRequest(NULL, Object(Config\Cache), false)
#3 E:\xampp\htdocs\koperasi\public\index.php(45): CodeIgniter\CodeIgniter->run()
#4 E:\xampp\htdocs\koperasi\system\Commands\Server\rewrite.php(34): require_once('E:\\xampp\\htdocs...')
#5 {main}
CRITICAL - 2023-10-04 09:32:33 --> Call to a member function post() on null
#0 E:\xampp\htdocs\koperasi\system\CodeIgniter.php(914): App\Controllers\Home->changeStatus()
#1 E:\xampp\htdocs\koperasi\system\CodeIgniter.php(400): CodeIgniter\CodeIgniter->runController(Object(App\Controllers\Home))
#2 E:\xampp\htdocs\koperasi\system\CodeIgniter.php(308): CodeIgniter\CodeIgniter->handleRequest(NULL, Object(Config\Cache), false)
#3 E:\xampp\htdocs\koperasi\public\index.php(45): CodeIgniter\CodeIgniter->run()
#4 E:\xampp\htdocs\koperasi\system\Commands\Server\rewrite.php(34): require_once('E:\\xampp\\htdocs...')
#5 {main}
CRITICAL - 2023-10-04 09:32:33 --> Call to a member function post() on null
#0 E:\xampp\htdocs\koperasi\system\CodeIgniter.php(914): App\Controllers\Home->changeStatus()
#1 E:\xampp\htdocs\koperasi\system\CodeIgniter.php(400): CodeIgniter\CodeIgniter->runController(Object(App\Controllers\Home))
#2 E:\xampp\htdocs\koperasi\system\CodeIgniter.php(308): CodeIgniter\CodeIgniter->handleRequest(NULL, Object(Config\Cache), false)
#3 E:\xampp\htdocs\koperasi\public\index.php(45): CodeIgniter\CodeIgniter->run()
#4 E:\xampp\htdocs\koperasi\system\Commands\Server\rewrite.php(34): require_once('E:\\xampp\\htdocs...')
#5 {main}
CRITICAL - 2023-10-04 09:32:33 --> Call to a member function post() on null
#0 E:\xampp\htdocs\koperasi\system\CodeIgniter.php(914): App\Controllers\Home->changeStatus()
#1 E:\xampp\htdocs\koperasi\system\CodeIgniter.php(400): CodeIgniter\CodeIgniter->runController(Object(App\Controllers\Home))
#2 E:\xampp\htdocs\koperasi\system\CodeIgniter.php(308): CodeIgniter\CodeIgniter->handleRequest(NULL, Object(Config\Cache), false)
#3 E:\xampp\htdocs\koperasi\public\index.php(45): CodeIgniter\CodeIgniter->run()
#4 E:\xampp\htdocs\koperasi\system\Commands\Server\rewrite.php(34): require_once('E:\\xampp\\htdocs...')
#5 {main}
CRITICAL - 2023-10-04 09:32:34 --> Call to a member function post() on null
#0 E:\xampp\htdocs\koperasi\system\CodeIgniter.php(914): App\Controllers\Home->changeStatus()
#1 E:\xampp\htdocs\koperasi\system\CodeIgniter.php(400): CodeIgniter\CodeIgniter->runController(Object(App\Controllers\Home))
#2 E:\xampp\htdocs\koperasi\system\CodeIgniter.php(308): CodeIgniter\CodeIgniter->handleRequest(NULL, Object(Config\Cache), false)
#3 E:\xampp\htdocs\koperasi\public\index.php(45): CodeIgniter\CodeIgniter->run()
#4 E:\xampp\htdocs\koperasi\system\Commands\Server\rewrite.php(34): require_once('E:\\xampp\\htdocs...')
#5 {main}
CRITICAL - 2023-10-04 09:32:34 --> Call to a member function post() on null
#0 E:\xampp\htdocs\koperasi\system\CodeIgniter.php(914): App\Controllers\Home->changeStatus()
#1 E:\xampp\htdocs\koperasi\system\CodeIgniter.php(400): CodeIgniter\CodeIgniter->runController(Object(App\Controllers\Home))
#2 E:\xampp\htdocs\koperasi\system\CodeIgniter.php(308): CodeIgniter\CodeIgniter->handleRequest(NULL, Object(Config\Cache), false)
#3 E:\xampp\htdocs\koperasi\public\index.php(45): CodeIgniter\CodeIgniter->run()
#4 E:\xampp\htdocs\koperasi\system\Commands\Server\rewrite.php(34): require_once('E:\\xampp\\htdocs...')
#5 {main}
CRITICAL - 2023-10-04 09:32:34 --> Call to a member function post() on null
#0 E:\xampp\htdocs\koperasi\system\CodeIgniter.php(914): App\Controllers\Home->changeStatus()
#1 E:\xampp\htdocs\koperasi\system\CodeIgniter.php(400): CodeIgniter\CodeIgniter->runController(Object(App\Controllers\Home))
#2 E:\xampp\htdocs\koperasi\system\CodeIgniter.php(308): CodeIgniter\CodeIgniter->handleRequest(NULL, Object(Config\Cache), false)
#3 E:\xampp\htdocs\koperasi\public\index.php(45): CodeIgniter\CodeIgniter->run()
#4 E:\xampp\htdocs\koperasi\system\Commands\Server\rewrite.php(34): require_once('E:\\xampp\\htdocs...')
#5 {main}
CRITICAL - 2023-10-04 09:32:34 --> Call to a member function post() on null
#0 E:\xampp\htdocs\koperasi\system\CodeIgniter.php(914): App\Controllers\Home->changeStatus()
#1 E:\xampp\htdocs\koperasi\system\CodeIgniter.php(400): CodeIgniter\CodeIgniter->runController(Object(App\Controllers\Home))
#2 E:\xampp\htdocs\koperasi\system\CodeIgniter.php(308): CodeIgniter\CodeIgniter->handleRequest(NULL, Object(Config\Cache), false)
#3 E:\xampp\htdocs\koperasi\public\index.php(45): CodeIgniter\CodeIgniter->run()
#4 E:\xampp\htdocs\koperasi\system\Commands\Server\rewrite.php(34): require_once('E:\\xampp\\htdocs...')
#5 {main}
CRITICAL - 2023-10-04 09:32:34 --> Call to a member function post() on null
#0 E:\xampp\htdocs\koperasi\system\CodeIgniter.php(914): App\Controllers\Home->changeStatus()
#1 E:\xampp\htdocs\koperasi\system\CodeIgniter.php(400): CodeIgniter\CodeIgniter->runController(Object(App\Controllers\Home))
#2 E:\xampp\htdocs\koperasi\system\CodeIgniter.php(308): CodeIgniter\CodeIgniter->handleRequest(NULL, Object(Config\Cache), false)
#3 E:\xampp\htdocs\koperasi\public\index.php(45): CodeIgniter\CodeIgniter->run()
#4 E:\xampp\htdocs\koperasi\system\Commands\Server\rewrite.php(34): require_once('E:\\xampp\\htdocs...')
#5 {main}
CRITICAL - 2023-10-04 09:32:34 --> Call to a member function post() on null
#0 E:\xampp\htdocs\koperasi\system\CodeIgniter.php(914): App\Controllers\Home->changeStatus()
#1 E:\xampp\htdocs\koperasi\system\CodeIgniter.php(400): CodeIgniter\CodeIgniter->runController(Object(App\Controllers\Home))
#2 E:\xampp\htdocs\koperasi\system\CodeIgniter.php(308): CodeIgniter\CodeIgniter->handleRequest(NULL, Object(Config\Cache), false)
#3 E:\xampp\htdocs\koperasi\public\index.php(45): CodeIgniter\CodeIgniter->run()
#4 E:\xampp\htdocs\koperasi\system\Commands\Server\rewrite.php(34): require_once('E:\\xampp\\htdocs...')
#5 {main}
CRITICAL - 2023-10-04 09:32:35 --> Call to a member function post() on null
#0 E:\xampp\htdocs\koperasi\system\CodeIgniter.php(914): App\Controllers\Home->changeStatus()
#1 E:\xampp\htdocs\koperasi\system\CodeIgniter.php(400): CodeIgniter\CodeIgniter->runController(Object(App\Controllers\Home))
#2 E:\xampp\htdocs\koperasi\system\CodeIgniter.php(308): CodeIgniter\CodeIgniter->handleRequest(NULL, Object(Config\Cache), false)
#3 E:\xampp\htdocs\koperasi\public\index.php(45): CodeIgniter\CodeIgniter->run()
#4 E:\xampp\htdocs\koperasi\system\Commands\Server\rewrite.php(34): require_once('E:\\xampp\\htdocs...')
#5 {main}
CRITICAL - 2023-10-04 09:32:35 --> Call to a member function post() on null
#0 E:\xampp\htdocs\koperasi\system\CodeIgniter.php(914): App\Controllers\Home->changeStatus()
#1 E:\xampp\htdocs\koperasi\system\CodeIgniter.php(400): CodeIgniter\CodeIgniter->runController(Object(App\Controllers\Home))
#2 E:\xampp\htdocs\koperasi\system\CodeIgniter.php(308): CodeIgniter\CodeIgniter->handleRequest(NULL, Object(Config\Cache), false)
#3 E:\xampp\htdocs\koperasi\public\index.php(45): CodeIgniter\CodeIgniter->run()
#4 E:\xampp\htdocs\koperasi\system\Commands\Server\rewrite.php(34): require_once('E:\\xampp\\htdocs...')
#5 {main}
CRITICAL - 2023-10-04 09:34:06 --> Call to a member function post() on null
#0 E:\xampp\htdocs\koperasi\system\CodeIgniter.php(914): App\Controllers\Home->changeStatus()
#1 E:\xampp\htdocs\koperasi\system\CodeIgniter.php(400): CodeIgniter\CodeIgniter->runController(Object(App\Controllers\Home))
#2 E:\xampp\htdocs\koperasi\system\CodeIgniter.php(308): CodeIgniter\CodeIgniter->handleRequest(NULL, Object(Config\Cache), false)
#3 E:\xampp\htdocs\koperasi\public\index.php(45): CodeIgniter\CodeIgniter->run()
#4 E:\xampp\htdocs\koperasi\system\Commands\Server\rewrite.php(34): require_once('E:\\xampp\\htdocs...')
#5 {main}
CRITICAL - 2023-10-04 09:34:08 --> Call to a member function post() on null
#0 E:\xampp\htdocs\koperasi\system\CodeIgniter.php(914): App\Controllers\Home->changeStatus()
#1 E:\xampp\htdocs\koperasi\system\CodeIgniter.php(400): CodeIgniter\CodeIgniter->runController(Object(App\Controllers\Home))
#2 E:\xampp\htdocs\koperasi\system\CodeIgniter.php(308): CodeIgniter\CodeIgniter->handleRequest(NULL, Object(Config\Cache), false)
#3 E:\xampp\htdocs\koperasi\public\index.php(45): CodeIgniter\CodeIgniter->run()
#4 E:\xampp\htdocs\koperasi\system\Commands\Server\rewrite.php(34): require_once('E:\\xampp\\htdocs...')
#5 {main}
CRITICAL - 2023-10-04 09:50:43 --> Too few arguments to function App\Controllers\Home::editanggota(), 0 passed in E:\xampp\htdocs\koperasi\system\CodeIgniter.php on line 914 and exactly 1 expected
#0 E:\xampp\htdocs\koperasi\system\CodeIgniter.php(914): App\Controllers\Home->editanggota()
#1 E:\xampp\htdocs\koperasi\system\CodeIgniter.php(400): CodeIgniter\CodeIgniter->runController(Object(App\Controllers\Home))
#2 E:\xampp\htdocs\koperasi\system\CodeIgniter.php(308): CodeIgniter\CodeIgniter->handleRequest(NULL, Object(Config\Cache), false)
#3 E:\xampp\htdocs\koperasi\public\index.php(45): CodeIgniter\CodeIgniter->run()
#4 E:\xampp\htdocs\koperasi\system\Commands\Server\rewrite.php(34): require_once('E:\\xampp\\htdocs...')
#5 {main}
